21:39:43 INFO  : Launching XSCT server: xsct.bat -n  -interactive D:\Consultancy\Vimanic\git\vimanic\adrv_lvds\sw\temp_xsdb_launch_script.tcl
21:39:43 INFO  : Registering command handlers for Vitis TCF services
21:39:43 INFO  : Platform repository initialization has completed.
21:39:49 INFO  : XSCT server has started successfully.
21:39:49 INFO  : Successfully done setting XSCT server connection channel  
21:39:49 INFO  : plnx-install-location is set to ''
21:39:49 INFO  : Successfully done setting workspace for the tool. 
21:39:49 INFO  : Successfully done query RDI_DATADIR 
21:40:43 INFO  : Result from executing command 'getProjects': system_wrapper
21:40:43 INFO  : Result from executing command 'getPlatforms': 
21:40:43 WARN  : An unexpected exception occurred in the module 'platform project logging'
21:40:44 INFO  : Platform 'system_wrapper' is added to custom repositories.
21:41:00 INFO  : Platform 'system_wrapper' is added to custom repositories.
21:48:13 INFO  : Result from executing command 'getProjects': system_wrapper
21:48:13 INFO  : Result from executing command 'getPlatforms': system_wrapper|D:/Consultancy/Vimanic/git/vimanic/adrv_lvds/sw/system_wrapper/export/system_wrapper/system_wrapper.xpfm
21:48:13 INFO  : Checking for BSP changes to sync application flags for project 'spiTest'...
21:48:30 INFO  : Checking for BSP changes to sync application flags for project 'spiTest'...
21:49:03 INFO  : Checking for BSP changes to sync application flags for project 'spiTest'...
21:50:42 INFO  : Checking for BSP changes to sync application flags for project 'spiTest'...
21:57:22 INFO  : Checking for BSP changes to sync application flags for project 'spiTest'...
21:57:37 INFO  : Checking for BSP changes to sync application flags for project 'spiTest'...
21:57:52 INFO  : Checking for BSP changes to sync application flags for project 'spiTest'...
21:58:07 INFO  : Checking for BSP changes to sync application flags for project 'spiTest'...
22:05:18 INFO  : Checking for BSP changes to sync application flags for project 'spiTest'...
22:06:45 INFO  : Checking for BSP changes to sync application flags for project 'spiTest'...
