10:42:28 INFO  : Platform repository initialization has completed.
10:42:28 INFO  : Launching XSCT server: xsct.bat -n  -interactive E:\Projects\adrvSoM\vimanic\analogDriverTest2021\sw\temp_xsdb_launch_script.tcl
10:42:28 INFO  : Registering command handlers for Vitis TCF services
10:42:31 INFO  : XSCT server has started successfully.
10:42:31 INFO  : plnx-install-location is set to ''
10:42:31 INFO  : Successfully done setting XSCT server connection channel  
10:42:35 INFO  : Successfully done setting workspace for the tool. 
10:42:35 INFO  : Successfully done query RDI_DATADIR 
10:43:35 INFO  : Result from executing command 'getProjects': system_top
10:43:35 INFO  : Result from executing command 'getPlatforms': 
10:43:35 WARN  : An unexpected exception occurred in the module 'platform project logging'
10:43:35 INFO  : Platform 'system_top' is added to custom repositories.
10:43:44 INFO  : Platform 'system_top' is added to custom repositories.
10:47:04 INFO  : Result from executing command 'getProjects': system_top
10:47:04 INFO  : Result from executing command 'getPlatforms': system_top|E:/Projects/adrvSoM/vimanic/analogDriverTest2021/sw/system_top/export/system_top/system_top.xpfm
10:47:05 INFO  : Checking for BSP changes to sync application flags for project 'DriverTest'...
10:48:16 INFO  : Checking for BSP changes to sync application flags for project 'DriverTest'...
11:10:31 INFO  : Checking for BSP changes to sync application flags for project 'DriverTest'...
11:10:53 INFO  : Checking for BSP changes to sync application flags for project 'DriverTest'...
11:11:38 INFO  : Checking for BSP changes to sync application flags for project 'DriverTest'...
11:12:33 INFO  : Checking for BSP changes to sync application flags for project 'DriverTest'...
11:13:40 INFO  : Checking for BSP changes to sync application flags for project 'DriverTest'...
11:17:36 INFO  : Result from executing command 'removePlatformRepo': 
11:17:53 INFO  : Result from executing command 'getProjects': system_top
11:17:53 INFO  : Result from executing command 'getPlatforms': 
11:17:53 INFO  : Checking for BSP changes to sync application flags for project 'DriverTest'...
11:20:58 INFO  : Checking for BSP changes to sync application flags for project 'DriverTest'...
11:21:12 INFO  : Checking for BSP changes to sync application flags for project 'DriverTest'...
11:21:28 INFO  : Checking for BSP changes to sync application flags for project 'DriverTest'...
11:21:39 INFO  : Checking for BSP changes to sync application flags for project 'DriverTest'...
11:25:47 INFO  : Checking for BSP changes to sync application flags for project 'DriverTest'...
11:28:43 INFO  : Checking for BSP changes to sync application flags for project 'DriverTest'...
11:30:33 INFO  : Checking for BSP changes to sync application flags for project 'DriverTest'...
11:30:52 INFO  : Checking for BSP changes to sync application flags for project 'DriverTest'...
11:31:07 INFO  : Checking for BSP changes to sync application flags for project 'DriverTest'...
11:31:20 INFO  : Checking for BSP changes to sync application flags for project 'DriverTest'...
11:31:57 INFO  : Checking for BSP changes to sync application flags for project 'DriverTest'...
11:32:26 INFO  : Checking for BSP changes to sync application flags for project 'DriverTest'...
11:35:04 INFO  : Checking for BSP changes to sync application flags for project 'DriverTest'...
11:35:29 INFO  : Checking for BSP changes to sync application flags for project 'DriverTest'...
11:35:55 INFO  : Checking for BSP changes to sync application flags for project 'DriverTest'...
11:36:08 INFO  : Checking for BSP changes to sync application flags for project 'DriverTest'...
11:39:52 INFO  : Checking for BSP changes to sync application flags for project 'DriverTest'...
11:40:25 INFO  : Checking for BSP changes to sync application flags for project 'DriverTest'...
11:40:47 INFO  : Checking for BSP changes to sync application flags for project 'DriverTest'...
11:41:12 INFO  : Checking for BSP changes to sync application flags for project 'DriverTest'...
11:41:40 INFO  : Checking for BSP changes to sync application flags for project 'DriverTest'...
11:42:20 INFO  : Checking for BSP changes to sync application flags for project 'DriverTest'...
11:42:50 INFO  : Checking for BSP changes to sync application flags for project 'DriverTest'...
11:43:20 INFO  : Checking for BSP changes to sync application flags for project 'DriverTest'...
11:43:48 INFO  : Checking for BSP changes to sync application flags for project 'DriverTest'...
11:44:26 INFO  : Checking for BSP changes to sync application flags for project 'DriverTest'...
11:45:14 INFO  : Checking for BSP changes to sync application flags for project 'DriverTest'...
11:45:42 INFO  : Checking for BSP changes to sync application flags for project 'DriverTest'...
11:46:10 INFO  : Checking for BSP changes to sync application flags for project 'DriverTest'...
11:46:41 INFO  : Checking for BSP changes to sync application flags for project 'DriverTest'...
11:47:01 INFO  : Checking for BSP changes to sync application flags for project 'DriverTest'...
11:47:31 INFO  : Checking for BSP changes to sync application flags for project 'DriverTest'...
11:48:04 INFO  : Checking for BSP changes to sync application flags for project 'DriverTest'...
11:50:07 INFO  : Checking for BSP changes to sync application flags for project 'DriverTest'...
11:51:54 INFO  : Checking for BSP changes to sync application flags for project 'DriverTest'...
11:52:24 INFO  : Checking for BSP changes to sync application flags for project 'DriverTest'...
11:54:21 INFO  : Checking for BSP changes to sync application flags for project 'DriverTest'...
11:56:22 INFO  : Checking for BSP changes to sync application flags for project 'DriverTest'...
11:57:58 INFO  : Checking for BSP changes to sync application flags for project 'DriverTest'...
12:00:29 INFO  : Checking for BSP changes to sync application flags for project 'DriverTest'...
12:00:55 INFO  : Checking for BSP changes to sync application flags for project 'DriverTest'...
12:02:57 INFO  : Checking for BSP changes to sync application flags for project 'DriverTest'...
12:03:28 INFO  : Checking for BSP changes to sync application flags for project 'DriverTest'...
12:04:28 INFO  : Checking for BSP changes to sync application flags for project 'DriverTest'...
12:05:55 INFO  : Checking for BSP changes to sync application flags for project 'DriverTest'...
12:06:27 INFO  : Checking for BSP changes to sync application flags for project 'DriverTest'...
12:11:23 INFO  : Checking for BSP changes to sync application flags for project 'DriverTest'...
12:11:34 INFO  : Checking for BSP changes to sync application flags for project 'DriverTest'...
12:11:57 INFO  : Checking for BSP changes to sync application flags for project 'DriverTest'...
12:12:22 INFO  : Checking for BSP changes to sync application flags for project 'DriverTest'...
12:12:43 INFO  : Checking for BSP changes to sync application flags for project 'DriverTest'...
12:16:19 INFO  : Checking for BSP changes to sync application flags for project 'DriverTest'...
12:17:57 INFO  : Checking for BSP changes to sync application flags for project 'DriverTest'...
12:19:14 INFO  : Checking for BSP changes to sync application flags for project 'DriverTest'...
12:21:27 INFO  : Checking for BSP changes to sync application flags for project 'DriverTest'...
12:25:13 INFO  : Checking for BSP changes to sync application flags for project 'DriverTest'...
12:25:50 INFO  : Checking for BSP changes to sync application flags for project 'DriverTest'...
12:26:29 INFO  : Result from executing command 'removePlatformRepo': 
12:26:53 INFO  : Result from executing command 'getProjects': system_top
12:26:53 INFO  : Result from executing command 'getPlatforms': 
12:26:53 INFO  : Checking for BSP changes to sync application flags for project 'DriverTest'...
12:30:35 INFO  : 'targets -set -filter {jtag_cable_name =~ "Digilent JTAG-HS3 210299AFB95F" && level==0 && jtag_device_ctx=="jsn-JTAG-HS3-210299AFB95F-23732093-0"}' command is executed.
12:30:35 INFO  : 'fpga -state' command is executed.
12:30:35 INFO  : Connected to target on host '127.0.0.1' and port '3121'.
12:30:36 INFO  : Jtag cable 'Digilent JTAG-HS3 210299AFB95F' is selected.
12:30:36 INFO  : 'jtag frequency' command is executed.
12:30:36 INFO  : Context for 'APU' is selected.
12:30:36 INFO  : Hardware design and registers information is loaded from 'E:/Projects/adrvSoM/vimanic/analogDriverTest2021/sw/system_top/export/system_top/hw/system_top.xsa'.
12:30:36 INFO  : 'configparams force-mem-access 1' command is executed.
12:30:36 INFO  : Context for 'APU' is selected.
12:30:36 INFO  : 'stop' command is executed.
12:30:36 INFO  : Sourcing of 'E:/Projects/adrvSoM/vimanic/analogDriverTest2021/sw/DriverTest/_ide/psinit/ps7_init.tcl' is done.
12:30:36 INFO  : 'ps7_init' command is executed.
12:30:36 INFO  : 'ps7_post_config' command is executed.
12:30:36 INFO  : Context for processor 'ps7_cortexa9_0' is selected.
12:30:36 INFO  : Processor reset is completed for 'ps7_cortexa9_0'.
12:30:36 INFO  : Context for processor 'ps7_cortexa9_0' is selected.
12:30:37 INFO  : The application 'E:/Projects/adrvSoM/vimanic/analogDriverTest2021/sw/DriverTest/Debug/DriverTest.elf' is downloaded to processor 'ps7_cortexa9_0'.
12:30:37 INFO  : 'configparams force-mem-access 0' command is executed.
12:30:37 INFO  : ----------------XSDB Script----------------
connect -url tcp:127.0.0.1:3121
targets -set -nocase -filter {name =~"APU*"}
loadhw -hw E:/Projects/adrvSoM/vimanic/analogDriverTest2021/sw/system_top/export/system_top/hw/system_top.xsa -mem-ranges [list {0x40000000 0xbfffffff}] -regs
configparams force-mem-access 1
targets -set -nocase -filter {name =~"APU*"}
stop
source E:/Projects/adrvSoM/vimanic/analogDriverTest2021/sw/DriverTest/_ide/psinit/ps7_init.tcl
ps7_init
ps7_post_config
targets -set -nocase -filter {name =~ "*A9*#0"}
rst -processor
targets -set -nocase -filter {name =~ "*A9*#0"}
dow E:/Projects/adrvSoM/vimanic/analogDriverTest2021/sw/DriverTest/Debug/DriverTest.elf
configparams force-mem-access 0
----------------End of Script----------------

12:30:37 INFO  : Context for processor 'ps7_cortexa9_0' is selected.
12:30:37 INFO  : 'con' command is executed.
12:30:37 INFO  : ----------------XSDB Script (After Launch)----------------
targets -set -nocase -filter {name =~ "*A9*#0"}
con
----------------End of Script----------------

12:30:37 INFO  : Launch script is exported to file 'E:\Projects\adrvSoM\vimanic\analogDriverTest2021\sw\DriverTest_system\_ide\scripts\systemdebugger_drivertest_system_standalone.tcl'
12:50:52 INFO  : Launching XSCT server: xsct.bat -n  -interactive E:\Projects\noGNUSystem\sw\temp_xsdb_launch_script.tcl
12:50:54 INFO  : XSCT server has started successfully.
12:50:54 INFO  : Platform repository initialization has completed.
12:50:54 INFO  : Successfully done setting XSCT server connection channel  
12:50:54 INFO  : plnx-install-location is set to ''
12:50:55 INFO  : Successfully done query RDI_DATADIR 
12:50:55 INFO  : Successfully done setting workspace for the tool. 
12:50:55 INFO  : Registering command handlers for Vitis TCF services
12:52:00 INFO  : Result from executing command 'getProjects': system_top
12:52:00 INFO  : Result from executing command 'getPlatforms': system_top|E:/Projects/adrvSoM/vimanic/analogDriverTest2021/sw/system_top/export/system_top/system_top.xpfm
12:52:00 INFO  : Checking for BSP changes to sync application flags for project 'DriverTest'...
12:53:12 INFO  : 'targets -set -filter {jtag_cable_name =~ "Digilent JTAG-HS3 210299AFB95F" && level==0 && jtag_device_ctx=="jsn-JTAG-HS3-210299AFB95F-23732093-0"}' command is executed.
12:53:12 INFO  : 'fpga -state' command is executed.
12:53:12 INFO  : Connected to target on host '127.0.0.1' and port '3121'.
12:53:12 INFO  : Jtag cable 'Digilent JTAG-HS3 210299AFB95F' is selected.
12:53:12 INFO  : 'jtag frequency' command is executed.
12:53:12 INFO  : Context for 'APU' is selected.
12:53:12 INFO  : Hardware design and registers information is loaded from 'E:/Projects/adrvSoM/vimanic/analogDriverTest2021/sw/system_top/export/system_top/hw/system_top.xsa'.
12:53:12 INFO  : 'configparams force-mem-access 1' command is executed.
12:53:12 INFO  : Context for 'APU' is selected.
12:53:13 INFO  : 'stop' command is executed.
12:53:13 INFO  : Sourcing of 'E:/Projects/noGNUSystem/sw/DriverTest/_ide/psinit/ps7_init.tcl' is done.
12:53:13 INFO  : 'ps7_init' command is executed.
12:53:13 INFO  : 'ps7_post_config' command is executed.
12:53:13 INFO  : Context for processor 'ps7_cortexa9_0' is selected.
12:53:13 INFO  : Processor reset is completed for 'ps7_cortexa9_0'.
12:53:13 INFO  : Context for processor 'ps7_cortexa9_0' is selected.
12:53:13 INFO  : The application 'E:/Projects/noGNUSystem/sw/DriverTest/Debug/DriverTest.elf' is downloaded to processor 'ps7_cortexa9_0'.
12:53:14 INFO  : 'configparams force-mem-access 0' command is executed.
12:53:14 INFO  : ----------------XSDB Script----------------
connect -url tcp:127.0.0.1:3121
targets -set -nocase -filter {name =~"APU*"}
loadhw -hw E:/Projects/adrvSoM/vimanic/analogDriverTest2021/sw/system_top/export/system_top/hw/system_top.xsa -mem-ranges [list {0x40000000 0xbfffffff}] -regs
configparams force-mem-access 1
targets -set -nocase -filter {name =~"APU*"}
stop
source E:/Projects/noGNUSystem/sw/DriverTest/_ide/psinit/ps7_init.tcl
ps7_init
ps7_post_config
targets -set -nocase -filter {name =~ "*A9*#0"}
rst -processor
targets -set -nocase -filter {name =~ "*A9*#0"}
dow E:/Projects/noGNUSystem/sw/DriverTest/Debug/DriverTest.elf
configparams force-mem-access 0
----------------End of Script----------------

12:53:14 INFO  : Context for processor 'ps7_cortexa9_0' is selected.
12:53:14 INFO  : 'con' command is executed.
12:53:14 INFO  : ----------------XSDB Script (After Launch)----------------
targets -set -nocase -filter {name =~ "*A9*#0"}
con
----------------End of Script----------------

12:53:14 INFO  : Launch script is exported to file 'E:\Projects\noGNUSystem\sw\DriverTest_system\_ide\scripts\systemdebugger_drivertest_system_standalone.tcl'
11:36:00 INFO  : Launching XSCT server: xsct.bat -n  -interactive E:\Projects\adrvSoM\vimanic\noGNUSystemReference\sw\temp_xsdb_launch_script.tcl
11:36:03 INFO  : XSCT server has started successfully.
11:36:03 INFO  : Successfully done setting XSCT server connection channel  
11:36:03 INFO  : plnx-install-location is set to ''
11:36:03 INFO  : Successfully done setting workspace for the tool. 
11:36:03 INFO  : Successfully done query RDI_DATADIR 
11:36:03 INFO  : Platform repository initialization has completed.
11:36:03 INFO  : Registering command handlers for Vitis TCF services
11:36:18 INFO  : Result from executing command 'getProjects': system_top
11:36:18 INFO  : Result from executing command 'getPlatforms': system_top|E:/Projects/adrvSoM/vimanic/analogDriverTest2021/sw/system_top/export/system_top/system_top.xpfm;system_top|E:/Projects/noGNUSystem/sw/system_top/export/system_top/system_top.xpfm
11:36:18 INFO  : Checking for BSP changes to sync application flags for project 'DriverTest'...
11:39:53 INFO  : 'targets -set -filter {jtag_cable_name =~ "Digilent JTAG-HS3 210299AFB95F" && level==0 && jtag_device_ctx=="jsn-JTAG-HS3-210299AFB95F-23732093-0"}' command is executed.
11:39:53 INFO  : 'fpga -state' command is executed.
11:39:53 INFO  : Connected to target on host '127.0.0.1' and port '3121'.
11:39:53 INFO  : Jtag cable 'Digilent JTAG-HS3 210299AFB95F' is selected.
11:39:53 INFO  : 'jtag frequency' command is executed.
11:39:53 INFO  : Context for 'APU' is selected.
11:39:54 INFO  : Hardware design and registers information is loaded from 'E:/Projects/adrvSoM/vimanic/analogDriverTest2021/sw/system_top/export/system_top/hw/system_top.xsa'.
11:39:54 INFO  : 'configparams force-mem-access 1' command is executed.
11:39:54 INFO  : Context for 'APU' is selected.
11:39:54 INFO  : 'stop' command is executed.
11:39:54 INFO  : Sourcing of 'E:/Projects/adrvSoM/vimanic/noGNUSystemReference/sw/DriverTest/_ide/psinit/ps7_init.tcl' is done.
11:39:54 INFO  : 'ps7_init' command is executed.
11:39:54 INFO  : 'ps7_post_config' command is executed.
11:39:54 INFO  : Context for processor 'ps7_cortexa9_0' is selected.
11:39:54 INFO  : Processor reset is completed for 'ps7_cortexa9_0'.
11:39:54 INFO  : Context for processor 'ps7_cortexa9_0' is selected.
11:39:54 INFO  : The application 'E:/Projects/adrvSoM/vimanic/noGNUSystemReference/sw/DriverTest/Debug/DriverTest.elf' is downloaded to processor 'ps7_cortexa9_0'.
11:39:54 INFO  : 'configparams force-mem-access 0' command is executed.
11:39:54 INFO  : ----------------XSDB Script----------------
connect -url tcp:127.0.0.1:3121
targets -set -nocase -filter {name =~"APU*"}
loadhw -hw E:/Projects/adrvSoM/vimanic/analogDriverTest2021/sw/system_top/export/system_top/hw/system_top.xsa -mem-ranges [list {0x40000000 0xbfffffff}] -regs
configparams force-mem-access 1
targets -set -nocase -filter {name =~"APU*"}
stop
source E:/Projects/adrvSoM/vimanic/noGNUSystemReference/sw/DriverTest/_ide/psinit/ps7_init.tcl
ps7_init
ps7_post_config
targets -set -nocase -filter {name =~ "*A9*#0"}
rst -processor
targets -set -nocase -filter {name =~ "*A9*#0"}
dow E:/Projects/adrvSoM/vimanic/noGNUSystemReference/sw/DriverTest/Debug/DriverTest.elf
configparams force-mem-access 0
----------------End of Script----------------

11:39:55 INFO  : Context for processor 'ps7_cortexa9_0' is selected.
11:39:55 INFO  : 'con' command is executed.
11:39:55 INFO  : ----------------XSDB Script (After Launch)----------------
targets -set -nocase -filter {name =~ "*A9*#0"}
con
----------------End of Script----------------

11:39:55 INFO  : Launch script is exported to file 'E:\Projects\adrvSoM\vimanic\noGNUSystemReference\sw\DriverTest_system\_ide\scripts\systemdebugger_drivertest_system_standalone.tcl'
11:50:00 INFO  : Disconnected from the channel tcfchan#3.
16:45:32 INFO  : Launching XSCT server: xsct.bat -n  -interactive E:\Projects\adrvSoM\vimanic\noGNUSystemReference\sw\temp_xsdb_launch_script.tcl
16:45:34 INFO  : Registering command handlers for Vitis TCF services
16:45:34 INFO  : Platform repository initialization has completed.
16:45:34 INFO  : XSCT server has started successfully.
16:45:34 INFO  : Successfully done setting XSCT server connection channel  
16:45:36 INFO  : plnx-install-location is set to ''
16:45:36 INFO  : Successfully done setting workspace for the tool. 
16:45:36 INFO  : Successfully done query RDI_DATADIR 
