INFO: [VRFC 10-2263] Analyzing Verilog file "E:/Projects/adrvSoM/vimanic/noGNUSystemReference/ccfmc_lvds/adrv9361z7035_ccfmc_lvds.srcs/sources_1/new/angleLUT.v" into library xil_defaultlib
INFO: [VRFC 10-311] analyzing module angleLUT
INFO: [VRFC 10-311] analyzing module angleLUT
WARNING: [VRFC 10-3609] overwriting previous definition of module 'angleLUT' [E:/Projects/adrvSoM/vimanic/noGNUSystemReference/ccfmc_lvds/adrv9361z7035_ccfmc_lvds.srcs/sources_1/new/angleLUT.v:1101]
INFO: [VRFC 10-2263] Analyzing Verilog file "E:/Projects/adrvSoM/vimanic/noGNUSystemReference/ccfmc_lvds/adrv9361z7035_ccfmc_lvds.srcs/sources_1/new/amModulator.v" into library xil_defaultlib
INFO: [VRFC 10-311] analyzing module amModulator
INFO: [VRFC 10-2263] Analyzing Verilog file "E:/Projects/adrvSoM/vimanic/noGNUSystemReference/ccfmc_lvds/adrv9361z7035_ccfmc_lvds.srcs/sources_1/new/dataPackager.v" into library xil_defaultlib
INFO: [VRFC 10-311] analyzing module dataPackager
INFO: [VRFC 10-2263] Analyzing Verilog file "E:/Projects/adrvSoM/vimanic/noGNUSystemReference/ccfmc_lvds/adrv9361z7035_ccfmc_lvds.srcs/sources_1/new/parallelToSerial.v" into library xil_defaultlib
INFO: [VRFC 10-311] analyzing module parallelToSerial
INFO: [VRFC 10-2263] Analyzing Verilog file "E:/Projects/adrvSoM/vimanic/noGNUSystemReference/ccfmc_lvds/adrv9361z7035_ccfmc_lvds.srcs/sources_1/new/serialToParallel.v" into library xil_defaultlib
INFO: [VRFC 10-311] analyzing module serialToParallel
INFO: [VRFC 10-2263] Analyzing Verilog file "E:/Projects/adrvSoM/vimanic/noGNUSystemReference/ccfmc_lvds/adrv9361z7035_ccfmc_lvds.srcs/sources_1/new/i2sController.v" into library xil_defaultlib
INFO: [VRFC 10-311] analyzing module i2sController
INFO: [VRFC 10-2458] undeclared symbol fifoRd, assumed default net type wire [E:/Projects/adrvSoM/vimanic/noGNUSystemReference/ccfmc_lvds/adrv9361z7035_ccfmc_lvds.srcs/sources_1/new/i2sController.v:84]
INFO: [VRFC 10-2263] Analyzing Verilog file "E:/Projects/adrvSoM/vimanic/noGNUSystemReference/ccfmc_lvds/adrv9361z7035_ccfmc_lvds.srcs/sources_1/new/levelShift.v" into library xil_defaultlib
INFO: [VRFC 10-311] analyzing module levelShift
INFO: [VRFC 10-2263] Analyzing Verilog file "E:/Projects/adrvSoM/vimanic/noGNUSystemReference/ccfmc_lvds/adrv9361z7035_ccfmc_lvds.srcs/sources_1/new/decimation.v" into library xil_defaultlib
INFO: [VRFC 10-311] analyzing module decimation
INFO: [VRFC 10-2263] Analyzing Verilog file "E:/Projects/adrvSoM/vimanic/noGNUSystemReference/ccfmc_lvds/adrv9361z7035_ccfmc_lvds.srcs/sources_1/new/envelopDetector.v" into library xil_defaultlib
INFO: [VRFC 10-311] analyzing module envelopDetector
INFO: [VRFC 10-2263] Analyzing Verilog file "E:/Projects/adrvSoM/vimanic/noGNUSystemReference/ccfmc_lvds/adrv9361z7035_ccfmc_lvds.gen/sources_1/bd/system/ip/system_angleLUT_0_0/sim/system_angleLUT_0_0.v" into library xil_defaultlib
INFO: [VRFC 10-311] analyzing module system_angleLUT_0_0
INFO: [VRFC 10-2263] Analyzing Verilog file "E:/Projects/adrvSoM/vimanic/noGNUSystemReference/ccfmc_lvds/adrv9361z7035_ccfmc_lvds.gen/sources_1/bd/system/ip/system_angleLUT_0_1/sim/system_angleLUT_0_1.v" into library xil_defaultlib
INFO: [VRFC 10-311] analyzing module system_angleLUT_0_1
INFO: [VRFC 10-2263] Analyzing Verilog file "E:/Projects/adrvSoM/vimanic/noGNUSystemReference/ccfmc_lvds/adrv9361z7035_ccfmc_lvds.gen/sources_1/bd/system/ip/system_amModulator_0_0/sim/system_amModulator_0_0.v" into library xil_defaultlib
INFO: [VRFC 10-311] analyzing module system_amModulator_0_0
INFO: [VRFC 10-2263] Analyzing Verilog file "E:/Projects/adrvSoM/vimanic/noGNUSystemReference/ccfmc_lvds/adrv9361z7035_ccfmc_lvds.gen/sources_1/bd/system/ip/system_xlslice_0_0/sim/system_xlslice_0_0.v" into library xil_defaultlib
INFO: [VRFC 10-311] analyzing module system_xlslice_0_0
INFO: [VRFC 10-2263] Analyzing Verilog file "E:/Projects/adrvSoM/vimanic/noGNUSystemReference/ccfmc_lvds/adrv9361z7035_ccfmc_lvds.gen/sources_1/bd/system/ip/system_sys_ps7_0/sim/system_sys_ps7_0.v" into library xil_defaultlib
INFO: [VRFC 10-311] analyzing module system_sys_ps7_0
INFO: [VRFC 10-2458] undeclared symbol IRQ_F2P, assumed default net type wire [E:/Projects/adrvSoM/vimanic/noGNUSystemReference/ccfmc_lvds/adrv9361z7035_ccfmc_lvds.gen/sources_1/bd/system/ip/system_sys_ps7_0/sim/system_sys_ps7_0.v:639]
INFO: [VRFC 10-2263] Analyzing Verilog file "E:/Projects/adrvSoM/vimanic/noGNUSystemReference/ccfmc_lvds/adrv9361z7035_ccfmc_lvds.gen/sources_1/bd/system/ip/system_xbar_0/sim/system_xbar_0.v" into library xil_defaultlib
INFO: [VRFC 10-311] analyzing module system_xbar_0
INFO: [VRFC 10-2263] Analyzing Verilog file "E:/Projects/adrvSoM/vimanic/noGNUSystemReference/ccfmc_lvds/adrv9361z7035_ccfmc_lvds.gen/sources_1/bd/system/ip/system_dataPackager_0_0/sim/system_dataPackager_0_0.v" into library xil_defaultlib
INFO: [VRFC 10-311] analyzing module system_dataPackager_0_0
INFO: [VRFC 10-2263] Analyzing Verilog file "E:/Projects/adrvSoM/vimanic/noGNUSystemReference/ccfmc_lvds/adrv9361z7035_ccfmc_lvds.gen/sources_1/bd/system/ip/system_selectio_wiz_0_0/system_selectio_wiz_0_0_selectio_wiz.v" into library xil_defaultlib
INFO: [VRFC 10-311] analyzing module system_selectio_wiz_0_0_selectio_wiz
INFO: [VRFC 10-2458] undeclared symbol clk_in_int, assumed default net type wire [E:/Projects/adrvSoM/vimanic/noGNUSystemReference/ccfmc_lvds/adrv9361z7035_ccfmc_lvds.gen/sources_1/bd/system/ip/system_selectio_wiz_0_0/system_selectio_wiz_0_0_selectio_wiz.v:96]
INFO: [VRFC 10-2458] undeclared symbol clk_div, assumed default net type wire [E:/Projects/adrvSoM/vimanic/noGNUSystemReference/ccfmc_lvds/adrv9361z7035_ccfmc_lvds.gen/sources_1/bd/system/ip/system_selectio_wiz_0_0/system_selectio_wiz_0_0_selectio_wiz.v:103]
INFO: [VRFC 10-2263] Analyzing Verilog file "E:/Projects/adrvSoM/vimanic/noGNUSystemReference/ccfmc_lvds/adrv9361z7035_ccfmc_lvds.gen/sources_1/bd/system/ip/system_selectio_wiz_0_0/system_selectio_wiz_0_0.v" into library xil_defaultlib
INFO: [VRFC 10-311] analyzing module system_selectio_wiz_0_0
INFO: [VRFC 10-2263] Analyzing Verilog file "E:/Projects/adrvSoM/vimanic/noGNUSystemReference/ccfmc_lvds/adrv9361z7035_ccfmc_lvds.gen/sources_1/bd/system/ip/system_xlconcat_0_0/sim/system_xlconcat_0_0.v" into library xil_defaultlib
INFO: [VRFC 10-311] analyzing module system_xlconcat_0_0
INFO: [VRFC 10-2263] Analyzing Verilog file "E:/Projects/adrvSoM/vimanic/noGNUSystemReference/ccfmc_lvds/adrv9361z7035_ccfmc_lvds.gen/sources_1/bd/system/ip/system_xlconcat_1_0/sim/system_xlconcat_1_0.v" into library xil_defaultlib
INFO: [VRFC 10-311] analyzing module system_xlconcat_1_0
INFO: [VRFC 10-2263] Analyzing Verilog file "E:/Projects/adrvSoM/vimanic/noGNUSystemReference/ccfmc_lvds/adrv9361z7035_ccfmc_lvds.gen/sources_1/bd/system/ip/system_xlconstant_0_0/sim/system_xlconstant_0_0.v" into library xil_defaultlib
INFO: [VRFC 10-311] analyzing module system_xlconstant_0_0
INFO: [VRFC 10-2263] Analyzing Verilog file "E:/Projects/adrvSoM/vimanic/noGNUSystemReference/ccfmc_lvds/adrv9361z7035_ccfmc_lvds.gen/sources_1/bd/system/ip/system_xlconstant_1_0/sim/system_xlconstant_1_0.v" into library xil_defaultlib
INFO: [VRFC 10-311] analyzing module system_xlconstant_1_0
INFO: [VRFC 10-2263] Analyzing Verilog file "E:/Projects/adrvSoM/vimanic/noGNUSystemReference/ccfmc_lvds/adrv9361z7035_ccfmc_lvds.gen/sources_1/bd/system/ip/system_xlslice_1_0/sim/system_xlslice_1_0.v" into library xil_defaultlib
INFO: [VRFC 10-311] analyzing module system_xlslice_1_0
INFO: [VRFC 10-2263] Analyzing Verilog file "E:/Projects/adrvSoM/vimanic/noGNUSystemReference/ccfmc_lvds/adrv9361z7035_ccfmc_lvds.gen/sources_1/bd/system/ip/system_xlslice_1_1/sim/system_xlslice_1_1.v" into library xil_defaultlib
INFO: [VRFC 10-311] analyzing module system_xlslice_1_1
INFO: [VRFC 10-2263] Analyzing Verilog file "E:/Projects/adrvSoM/vimanic/noGNUSystemReference/ccfmc_lvds/adrv9361z7035_ccfmc_lvds.gen/sources_1/bd/system/ip/system_xlslice_3_0/sim/system_xlslice_3_0.v" into library xil_defaultlib
INFO: [VRFC 10-311] analyzing module system_xlslice_3_0
INFO: [VRFC 10-2263] Analyzing Verilog file "E:/Projects/adrvSoM/vimanic/noGNUSystemReference/ccfmc_lvds/adrv9361z7035_ccfmc_lvds.gen/sources_1/bd/system/ip/system_xlslice_3_1/sim/system_xlslice_3_1.v" into library xil_defaultlib
INFO: [VRFC 10-311] analyzing module system_xlslice_3_1
INFO: [VRFC 10-2263] Analyzing Verilog file "E:/Projects/adrvSoM/vimanic/noGNUSystemReference/ccfmc_lvds/adrv9361z7035_ccfmc_lvds.gen/sources_1/bd/system/ip/system_i2sController_1_0/sim/system_i2sController_1_0.v" into library xil_defaultlib
INFO: [VRFC 10-311] analyzing module system_i2sController_1_0
INFO: [VRFC 10-2263] Analyzing Verilog file "E:/Projects/adrvSoM/vimanic/noGNUSystemReference/ccfmc_lvds/adrv9361z7035_ccfmc_lvds.gen/sources_1/bd/system/ip/system_levelShift_0_0/sim/system_levelShift_0_0.v" into library xil_defaultlib
INFO: [VRFC 10-311] analyzing module system_levelShift_0_0
INFO: [VRFC 10-2263] Analyzing Verilog file "E:/Projects/adrvSoM/vimanic/noGNUSystemReference/ccfmc_lvds/adrv9361z7035_ccfmc_lvds.gen/sources_1/bd/system/ip/system_decimation_0_0/sim/system_decimation_0_0.v" into library xil_defaultlib
INFO: [VRFC 10-311] analyzing module system_decimation_0_0
INFO: [VRFC 10-2263] Analyzing Verilog file "E:/Projects/adrvSoM/vimanic/noGNUSystemReference/ccfmc_lvds/adrv9361z7035_ccfmc_lvds.gen/sources_1/bd/system/ip/system_envelopDetector_0_0/sim/system_envelopDetector_0_0.v" into library xil_defaultlib
INFO: [VRFC 10-311] analyzing module system_envelopDetector_0_0
INFO: [VRFC 10-2263] Analyzing Verilog file "E:/Projects/adrvSoM/vimanic/noGNUSystemReference/ccfmc_lvds/adrv9361z7035_ccfmc_lvds.gen/sources_1/bd/system/ip/system_clk_wiz_0_0/system_clk_wiz_0_0_clk_wiz.v" into library xil_defaultlib
INFO: [VRFC 10-311] analyzing module system_clk_wiz_0_0_clk_wiz
INFO: [VRFC 10-2263] Analyzing Verilog file "E:/Projects/adrvSoM/vimanic/noGNUSystemReference/ccfmc_lvds/adrv9361z7035_ccfmc_lvds.gen/sources_1/bd/system/ip/system_clk_wiz_0_0/system_clk_wiz_0_0.v" into library xil_defaultlib
INFO: [VRFC 10-311] analyzing module system_clk_wiz_0_0
INFO: [VRFC 10-2263] Analyzing Verilog file "E:/Projects/adrvSoM/vimanic/noGNUSystemReference/ccfmc_lvds/adrv9361z7035_ccfmc_lvds.gen/sources_1/bd/system/ip/system_vio_0_0/sim/system_vio_0_0.v" into library xil_defaultlib
INFO: [VRFC 10-311] analyzing module system_vio_0_0
INFO: [VRFC 10-2263] Analyzing Verilog file "E:/Projects/adrvSoM/vimanic/noGNUSystemReference/ccfmc_lvds/adrv9361z7035_ccfmc_lvds.gen/sources_1/bd/system/sim/system.v" into library xil_defaultlib
INFO: [VRFC 10-311] analyzing module AMDemodulate_imp_14EKJ5T
INFO: [VRFC 10-311] analyzing module AMModulate_imp_1RK7TSM
INFO: [VRFC 10-311] analyzing module I2SSystem_imp_INSYBG
INFO: [VRFC 10-311] analyzing module LVDSIF_imp_12L34I8
INFO: [VRFC 10-311] analyzing module ProcessorSystem_imp_VCRAGS
INFO: [VRFC 10-311] analyzing module m00_couplers_imp_1PYBT3Q
INFO: [VRFC 10-311] analyzing module m01_couplers_imp_VDZI4N
INFO: [VRFC 10-311] analyzing module m02_couplers_imp_OO3J3P
INFO: [VRFC 10-311] analyzing module s00_couplers_imp_1SL4PS7
INFO: [VRFC 10-311] analyzing module system
INFO: [VRFC 10-311] analyzing module system_sys_ps7_axi_periph_0
INFO: [VRFC 10-2263] Analyzing Verilog file "E:/Projects/adrvSoM/vimanic/noGNUSystemReference/ccfmc_lvds/adrv9361z7035_ccfmc_lvds.gen/sources_1/bd/system/ip/system_system_ila_0_0/bd_0/sim/bd_d5b8.v" into library xil_defaultlib
INFO: [VRFC 10-311] analyzing module bd_d5b8
INFO: [VRFC 10-2263] Analyzing Verilog file "E:/Projects/adrvSoM/vimanic/noGNUSystemReference/ccfmc_lvds/adrv9361z7035_ccfmc_lvds.gen/sources_1/bd/system/ip/system_system_ila_0_0/bd_0/ip/ip_0/sim/bd_d5b8_ila_lib_0.v" into library xil_defaultlib
INFO: [VRFC 10-311] analyzing module bd_d5b8_ila_lib_0
INFO: [VRFC 10-2263] Analyzing Verilog file "E:/Projects/adrvSoM/vimanic/noGNUSystemReference/ccfmc_lvds/adrv9361z7035_ccfmc_lvds.gen/sources_1/bd/system/ip/system_system_ila_0_0/sim/system_system_ila_0_0.v" into library xil_defaultlib
INFO: [VRFC 10-311] analyzing module system_system_ila_0_0
INFO: [VRFC 10-2263] Analyzing Verilog file "E:/Projects/adrvSoM/vimanic/noGNUSystemReference/ccfmc_lvds/adrv9361z7035_ccfmc_lvds.gen/sources_1/bd/system/ip/system_auto_pc_0/sim/system_auto_pc_0.v" into library xil_defaultlib
INFO: [VRFC 10-311] analyzing module system_auto_pc_0
INFO: [VRFC 10-2263] Analyzing Verilog file "E:/Projects/adrvSoM/vimanic/noGNUSystemReference/IPs/common/ad_adl5904_rst.v" into library xil_defaultlib
INFO: [VRFC 10-311] analyzing module ad_adl5904_rst
INFO: [VRFC 10-2263] Analyzing Verilog file "E:/Projects/adrvSoM/vimanic/noGNUSystemReference/IPs/common/ad_iobuf.v" into library xil_defaultlib
INFO: [VRFC 10-311] analyzing module ad_iobuf
INFO: [VRFC 10-2263] Analyzing Verilog file "E:/Projects/adrvSoM/vimanic/noGNUSystemReference/ccfmc_lvds/adrv9361z7035_ccfmc_lvds.gen/sources_1/bd/system/hdl/system_wrapper.v" into library xil_defaultlib
INFO: [VRFC 10-311] analyzing module system_wrapper
INFO: [VRFC 10-2263] Analyzing Verilog file "E:/Projects/adrvSoM/vimanic/noGNUSystemReference/ccfmc_lvds/system_top.v" into library xil_defaultlib
INFO: [VRFC 10-311] analyzing module system_top
INFO: [VRFC 10-2263] Analyzing Verilog file "E:/Projects/adrvSoM/vimanic/noGNUSystemReference/ccfmc_lvds/adrv9361z7035_ccfmc_lvds.sim/sim_1/behav/xsim/glbl.v" into library xil_defaultlib
INFO: [VRFC 10-311] analyzing module glbl
