INFO: [VRFC 10-2263] Analyzing Verilog file "E:/Projects/noGNUSystem/IPs/IPs_pulse/IPs_pulse.srcs/sources_1/new/And_gate.v" into library xil_defaultlib
INFO: [VRFC 10-311] analyzing module And_gate
INFO: [VRFC 10-2263] Analyzing Verilog file "E:/Projects/noGNUSystem/IPs/IPs_pulse/IPs_pulse.srcs/sources_1/new/Full_count.v" into library xil_defaultlib
INFO: [VRFC 10-311] analyzing module Full_count
INFO: [VRFC 10-2263] Analyzing Verilog file "E:/Projects/noGNUSystem/IPs/IPs_pulse/IPs_pulse.srcs/sources_1/new/Not_gate.v" into library xil_defaultlib
INFO: [VRFC 10-311] analyzing module Not_gate
INFO: [VRFC 10-2263] Analyzing Verilog file "E:/Projects/noGNUSystem/IPs/IPs_pulse/IPs_pulse.srcs/sources_1/new/counter_assist.v" into library xil_defaultlib
INFO: [VRFC 10-311] analyzing module counter_assist
INFO: [VRFC 10-2263] Analyzing Verilog file "E:/Projects/noGNUSystem/IPs/IPs_pulse/IPs_pulse.srcs/sources_1/new/count_woen.v" into library xil_defaultlib
INFO: [VRFC 10-311] analyzing module count_woen
INFO: [VRFC 10-2263] Analyzing Verilog file "E:/Projects/noGNUSystem/IPs/IPs_pulse/IPs_pulse.ip_user_files/bd/Pulse1/ip/Pulse1_And_gate_0_0/sim/Pulse1_And_gate_0_0.v" into library xil_defaultlib
INFO: [VRFC 10-311] analyzing module Pulse1_And_gate_0_0
INFO: [VRFC 10-2263] Analyzing Verilog file "E:/Projects/noGNUSystem/IPs/IPs_pulse/IPs_pulse.ip_user_files/bd/Pulse1/ip/Pulse1_Full_count_0_0/sim/Pulse1_Full_count_0_0.v" into library xil_defaultlib
INFO: [VRFC 10-311] analyzing module Pulse1_Full_count_0_0
INFO: [VRFC 10-2263] Analyzing Verilog file "E:/Projects/noGNUSystem/IPs/IPs_pulse/IPs_pulse.ip_user_files/bd/Pulse1/ip/Pulse1_Not_gate_0_0/sim/Pulse1_Not_gate_0_0.v" into library xil_defaultlib
INFO: [VRFC 10-311] analyzing module Pulse1_Not_gate_0_0
INFO: [VRFC 10-2263] Analyzing Verilog file "E:/Projects/noGNUSystem/IPs/IPs_pulse/IPs_pulse.ip_user_files/bd/Pulse1/ip/Pulse1_counter_assist_0_0/sim/Pulse1_counter_assist_0_0.v" into library xil_defaultlib
INFO: [VRFC 10-311] analyzing module Pulse1_counter_assist_0_0
INFO: [VRFC 10-2263] Analyzing Verilog file "E:/Projects/noGNUSystem/IPs/IPs_pulse/IPs_pulse.ip_user_files/bd/Pulse1/ip/Pulse1_processing_system7_0_0/sim/Pulse1_processing_system7_0_0.v" into library xil_defaultlib
INFO: [VRFC 10-311] analyzing module Pulse1_processing_system7_0_0
INFO: [VRFC 10-2263] Analyzing Verilog file "E:/Projects/noGNUSystem/IPs/IPs_pulse/IPs_pulse.ip_user_files/bd/Pulse1/ip/Pulse1_counter_assist_0_1/sim/Pulse1_counter_assist_0_1.v" into library xil_defaultlib
INFO: [VRFC 10-311] analyzing module Pulse1_counter_assist_0_1
INFO: [VRFC 10-2263] Analyzing Verilog file "E:/Projects/noGNUSystem/IPs/IPs_pulse/IPs_pulse.ip_user_files/bd/Pulse1/sim/Pulse1.v" into library xil_defaultlib
INFO: [VRFC 10-311] analyzing module Pulse1
INFO: [VRFC 10-2263] Analyzing Verilog file "E:/Projects/noGNUSystem/IPs/IPs_pulse/IPs_pulse.ip_user_files/bd/Pulse1/ip/Pulse1_And_gate_0_1/sim/Pulse1_And_gate_0_1.v" into library xil_defaultlib
INFO: [VRFC 10-311] analyzing module Pulse1_And_gate_0_1
INFO: [VRFC 10-2263] Analyzing Verilog file "E:/Projects/noGNUSystem/IPs/IPs_pulse/IPs_pulse.ip_user_files/bd/Pulse1/ip/Pulse1_Full_count_0_1/sim/Pulse1_Full_count_0_1.v" into library xil_defaultlib
INFO: [VRFC 10-311] analyzing module Pulse1_Full_count_0_1
INFO: [VRFC 10-2263] Analyzing Verilog file "E:/Projects/noGNUSystem/IPs/IPs_pulse/IPs_pulse.ip_user_files/bd/Pulse1/ip/Pulse1_Not_gate_0_1/sim/Pulse1_Not_gate_0_1.v" into library xil_defaultlib
INFO: [VRFC 10-311] analyzing module Pulse1_Not_gate_0_1
INFO: [VRFC 10-2263] Analyzing Verilog file "E:/Projects/noGNUSystem/IPs/IPs_pulse/IPs_pulse.ip_user_files/bd/Pulse1/ip/Pulse1_counter_assist_0_2/sim/Pulse1_counter_assist_0_2.v" into library xil_defaultlib
INFO: [VRFC 10-311] analyzing module Pulse1_counter_assist_0_2
INFO: [VRFC 10-2263] Analyzing Verilog file "E:/Projects/noGNUSystem/IPs/IPs_pulse/IPs_pulse.ip_user_files/bd/Pulse1/ip/Pulse1_counter_assist_1_0/sim/Pulse1_counter_assist_1_0.v" into library xil_defaultlib
INFO: [VRFC 10-311] analyzing module Pulse1_counter_assist_1_0
INFO: [VRFC 10-2263] Analyzing Verilog file "E:/Projects/noGNUSystem/IPs/IPs_pulse/IPs_pulse.ip_user_files/bd/Pulse1/ip/Pulse1_count_woen_0_0/sim/Pulse1_count_woen_0_0.v" into library xil_defaultlib
INFO: [VRFC 10-311] analyzing module Pulse1_count_woen_0_0
INFO: [VRFC 10-2263] Analyzing Verilog file "E:/Projects/noGNUSystem/IPs/IPs_pulse/IPs_pulse.ip_user_files/bd/Pulse1/ip/Pulse1_And_gate_0_2/sim/Pulse1_And_gate_0_2.v" into library xil_defaultlib
INFO: [VRFC 10-311] analyzing module Pulse1_And_gate_0_2
INFO: [VRFC 10-2263] Analyzing Verilog file "E:/Projects/noGNUSystem/IPs/IPs_pulse/IPs_pulse.ip_user_files/bd/Pulse1/ip/Pulse1_xlconstant_0_0/sim/Pulse1_xlconstant_0_0.v" into library xil_defaultlib
INFO: [VRFC 10-311] analyzing module Pulse1_xlconstant_0_0
INFO: [VRFC 10-2263] Analyzing Verilog file "E:/Projects/noGNUSystem/IPs/IPs_pulse/IPs_pulse.ip_user_files/bd/Pulse1/ip/Pulse1_blk_mem_gen_0_0/sim/Pulse1_blk_mem_gen_0_0.v" into library xil_defaultlib
INFO: [VRFC 10-311] analyzing module Pulse1_blk_mem_gen_0_0
INFO: [VRFC 10-2263] Analyzing Verilog file "E:/Projects/noGNUSystem/IPs/IPs_pulse/IPs_pulse.srcs/sources_1/imports/hdl/Pulse1_wrapper.v" into library xil_defaultlib
INFO: [VRFC 10-311] analyzing module Pulse1_wrapper
