
*** Running vivado
    with args -log system_clk_wiz_0_0.vds -m64 -product Vivado -mode batch -messageDb vivado.pb -notrace -source system_clk_wiz_0_0.tcl



****** Vivado v2021.1 (64-bit)
  **** SW Build 3247384 on Thu Jun 10 19:36:33 MDT 2021
  **** IP Build 3246043 on Fri Jun 11 00:30:35 MDT 2021
    ** Copyright 1986-2021 Xilinx, Inc. All Rights Reserved.

source system_clk_wiz_0_0.tcl -notrace
INFO: [IP_Flow 19-234] Refreshing IP repositories
INFO: [IP_Flow 19-1700] Loaded user IP repository 'e:/Projects/adrvSoM/vimanic/noGNUSystem/IPs'.
INFO: [IP_Flow 19-2313] Loaded Vivado IP repository 'E:/Vivado/2021.1/data/ip'.
WARNING: [IP_Flow 19-4995] The host OS only allows 260 characters in a normal path. The IP cache path is more than 80 characters. If you experience issues with IP caching, please consider changing the IP cache to a location with a shorter path. Alternately consider using the OS subst command to map part of the path to a drive letter. 
Current IP cache path is e:/Projects/adrvSoM/vimanic/noGNUSystem/ccfmc_lvds/adrv9361z7035_ccfmc_lvds.cache/ip 
Command: synth_design -top system_clk_wiz_0_0 -part xc7z030fbg484-2 -mode out_of_context
Starting synth_design
Attempting to get a license for feature 'Synthesis' and/or device 'xc7z030'
INFO: [Common 17-349] Got license for feature 'Synthesis' and/or device 'xc7z030'
INFO: [Device 21-403] Loading part xc7z030fbg484-2
INFO: [Synth 8-7079] Multithreading enabled for synth_design using a maximum of 2 processes.
INFO: [Synth 8-7078] Launching helper process for spawning children vivado processes
INFO: [Synth 8-7075] Helper process launched with PID 18492
---------------------------------------------------------------------------------
Starting RTL Elaboration : Time (s): cpu = 00:00:05 ; elapsed = 00:00:10 . Memory (MB): peak = 1290.977 ; gain = 0.000
---------------------------------------------------------------------------------
INFO: [Synth 8-6157] synthesizing module 'system_clk_wiz_0_0' [e:/Projects/adrvSoM/vimanic/noGNUSystem/ccfmc_lvds/adrv9361z7035_ccfmc_lvds.gen/sources_1/bd/system/ip/system_clk_wiz_0_0/system_clk_wiz_0_0.v:70]
INFO: [Synth 8-6157] synthesizing module 'system_clk_wiz_0_0_clk_wiz' [e:/Projects/adrvSoM/vimanic/noGNUSystem/ccfmc_lvds/adrv9361z7035_ccfmc_lvds.gen/sources_1/bd/system/ip/system_clk_wiz_0_0/system_clk_wiz_0_0_clk_wiz.v:68]
INFO: [Synth 8-6157] synthesizing module 'IBUF' [E:/Vivado/2021.1/scripts/rt/data/unisim_comp.v:51657]
INFO: [Synth 8-6155] done synthesizing module 'IBUF' (1#1) [E:/Vivado/2021.1/scripts/rt/data/unisim_comp.v:51657]
INFO: [Synth 8-6157] synthesizing module 'MMCME2_ADV' [E:/Vivado/2021.1/scripts/rt/data/unisim_comp.v:59963]
	Parameter BANDWIDTH bound to: OPTIMIZED - type: string 
	Parameter CLKFBOUT_MULT_F bound to: 48.000000 - type: double 
	Parameter CLKFBOUT_PHASE bound to: 0.000000 - type: double 
	Parameter CLKFBOUT_USE_FINE_PS bound to: FALSE - type: string 
	Parameter CLKIN1_PERIOD bound to: 10.000000 - type: double 
	Parameter CLKOUT0_DIVIDE_F bound to: 78.125000 - type: double 
	Parameter CLKOUT0_DUTY_CYCLE bound to: 0.500000 - type: double 
	Parameter CLKOUT0_PHASE bound to: 0.000000 - type: double 
	Parameter CLKOUT0_USE_FINE_PS bound to: FALSE - type: string 
	Parameter CLKOUT4_CASCADE bound to: FALSE - type: string 
	Parameter COMPENSATION bound to: ZHOLD - type: string 
	Parameter DIVCLK_DIVIDE bound to: 5 - type: integer 
	Parameter STARTUP_WAIT bound to: FALSE - type: string 
INFO: [Synth 8-6155] done synthesizing module 'MMCME2_ADV' (2#1) [E:/Vivado/2021.1/scripts/rt/data/unisim_comp.v:59963]
INFO: [Synth 8-6157] synthesizing module 'BUFG' [E:/Vivado/2021.1/scripts/rt/data/unisim_comp.v:1083]
INFO: [Synth 8-6155] done synthesizing module 'BUFG' (3#1) [E:/Vivado/2021.1/scripts/rt/data/unisim_comp.v:1083]
INFO: [Synth 8-6155] done synthesizing module 'system_clk_wiz_0_0_clk_wiz' (4#1) [e:/Projects/adrvSoM/vimanic/noGNUSystem/ccfmc_lvds/adrv9361z7035_ccfmc_lvds.gen/sources_1/bd/system/ip/system_clk_wiz_0_0/system_clk_wiz_0_0_clk_wiz.v:68]
INFO: [Synth 8-6155] done synthesizing module 'system_clk_wiz_0_0' (5#1) [e:/Projects/adrvSoM/vimanic/noGNUSystem/ccfmc_lvds/adrv9361z7035_ccfmc_lvds.gen/sources_1/bd/system/ip/system_clk_wiz_0_0/system_clk_wiz_0_0.v:70]
---------------------------------------------------------------------------------
Finished RTL Elaboration : Time (s): cpu = 00:00:06 ; elapsed = 00:00:12 . Memory (MB): peak = 1295.398 ; gain = 4.422
---------------------------------------------------------------------------------
---------------------------------------------------------------------------------
Start Handling Custom Attributes
---------------------------------------------------------------------------------
---------------------------------------------------------------------------------
Finished Handling Custom Attributes : Time (s): cpu = 00:00:06 ; elapsed = 00:00:13 . Memory (MB): peak = 1295.398 ; gain = 4.422
---------------------------------------------------------------------------------
---------------------------------------------------------------------------------
Finished RTL Optimization Phase 1 : Time (s): cpu = 00:00:06 ; elapsed = 00:00:13 . Memory (MB): peak = 1295.398 ; gain = 4.422
---------------------------------------------------------------------------------
Netlist sorting complete. Time (s): cpu = 00:00:00 ; elapsed = 00:00:00 . Memory (MB): peak = 1295.398 ; gain = 0.000
INFO: [Netlist 29-17] Analyzing 1 Unisim elements for replacement
INFO: [Netlist 29-28] Unisim Transformation completed in 0 CPU seconds
INFO: [Project 1-570] Preparing netlist for logic optimization

Processing XDC Constraints
Initializing timing engine
Parsing XDC File [e:/Projects/adrvSoM/vimanic/noGNUSystem/ccfmc_lvds/adrv9361z7035_ccfmc_lvds.gen/sources_1/bd/system/ip/system_clk_wiz_0_0/system_clk_wiz_0_0_ooc.xdc] for cell 'inst'
Finished Parsing XDC File [e:/Projects/adrvSoM/vimanic/noGNUSystem/ccfmc_lvds/adrv9361z7035_ccfmc_lvds.gen/sources_1/bd/system/ip/system_clk_wiz_0_0/system_clk_wiz_0_0_ooc.xdc] for cell 'inst'
Parsing XDC File [e:/Projects/adrvSoM/vimanic/noGNUSystem/ccfmc_lvds/adrv9361z7035_ccfmc_lvds.gen/sources_1/bd/system/ip/system_clk_wiz_0_0/system_clk_wiz_0_0_board.xdc] for cell 'inst'
Finished Parsing XDC File [e:/Projects/adrvSoM/vimanic/noGNUSystem/ccfmc_lvds/adrv9361z7035_ccfmc_lvds.gen/sources_1/bd/system/ip/system_clk_wiz_0_0/system_clk_wiz_0_0_board.xdc] for cell 'inst'
Parsing XDC File [e:/Projects/adrvSoM/vimanic/noGNUSystem/ccfmc_lvds/adrv9361z7035_ccfmc_lvds.gen/sources_1/bd/system/ip/system_clk_wiz_0_0/system_clk_wiz_0_0.xdc] for cell 'inst'
Finished Parsing XDC File [e:/Projects/adrvSoM/vimanic/noGNUSystem/ccfmc_lvds/adrv9361z7035_ccfmc_lvds.gen/sources_1/bd/system/ip/system_clk_wiz_0_0/system_clk_wiz_0_0.xdc] for cell 'inst'
INFO: [Project 1-236] Implementation specific constraints were found while reading constraint file [e:/Projects/adrvSoM/vimanic/noGNUSystem/ccfmc_lvds/adrv9361z7035_ccfmc_lvds.gen/sources_1/bd/system/ip/system_clk_wiz_0_0/system_clk_wiz_0_0.xdc]. These constraints will be ignored for synthesis but will be used in implementation. Impacted constraints are listed in the file [.Xil/system_clk_wiz_0_0_propImpl.xdc].
Resolution: To avoid this warning, move constraints listed in [.Xil/system_clk_wiz_0_0_propImpl.xdc] to another XDC file and exclude this new file from synthesis with the used_in_synthesis property (File Properties dialog in GUI) and re-run elaboration/synthesis.
INFO: [Timing 38-2] Deriving generated clocks
Parsing XDC File [E:/Projects/adrvSoM/vimanic/noGNUSystem/ccfmc_lvds/adrv9361z7035_ccfmc_lvds.runs/system_clk_wiz_0_0_synth_1/dont_touch.xdc]
Finished Parsing XDC File [E:/Projects/adrvSoM/vimanic/noGNUSystem/ccfmc_lvds/adrv9361z7035_ccfmc_lvds.runs/system_clk_wiz_0_0_synth_1/dont_touch.xdc]
Completed Processing XDC Constraints

Netlist sorting complete. Time (s): cpu = 00:00:00 ; elapsed = 00:00:00 . Memory (MB): peak = 1334.414 ; gain = 0.000
INFO: [Project 1-111] Unisim Transformation Summary:
No Unisim elements were transformed.

Constraint Validation Runtime : Time (s): cpu = 00:00:00 ; elapsed = 00:00:00.012 . Memory (MB): peak = 1334.414 ; gain = 0.000
---------------------------------------------------------------------------------
Finished Constraint Validation : Time (s): cpu = 00:00:12 ; elapsed = 00:00:25 . Memory (MB): peak = 1334.414 ; gain = 43.438
---------------------------------------------------------------------------------
---------------------------------------------------------------------------------
Start Loading Part and Timing Information
---------------------------------------------------------------------------------
Loading part: xc7z030fbg484-2
---------------------------------------------------------------------------------
Finished Loading Part and Timing Information : Time (s): cpu = 00:00:12 ; elapsed = 00:00:25 . Memory (MB): peak = 1334.414 ; gain = 43.438
---------------------------------------------------------------------------------
---------------------------------------------------------------------------------
Start Applying 'set_property' XDC Constraints
---------------------------------------------------------------------------------
Applied set_property KEEP_HIERARCHY = SOFT for inst. (constraint file  E:/Projects/adrvSoM/vimanic/noGNUSystem/ccfmc_lvds/adrv9361z7035_ccfmc_lvds.runs/system_clk_wiz_0_0_synth_1/dont_touch.xdc, line 9).
---------------------------------------------------------------------------------
Finished applying 'set_property' XDC Constraints : Time (s): cpu = 00:00:12 ; elapsed = 00:00:26 . Memory (MB): peak = 1334.414 ; gain = 43.438
---------------------------------------------------------------------------------
---------------------------------------------------------------------------------
Finished RTL Optimization Phase 2 : Time (s): cpu = 00:00:13 ; elapsed = 00:00:26 . Memory (MB): peak = 1334.414 ; gain = 43.438
---------------------------------------------------------------------------------
---------------------------------------------------------------------------------
Start RTL Component Statistics 
---------------------------------------------------------------------------------
Detailed RTL Component Info : 
---------------------------------------------------------------------------------
Finished RTL Component Statistics 
---------------------------------------------------------------------------------
---------------------------------------------------------------------------------
Start Part Resource Summary
---------------------------------------------------------------------------------
Part Resources:
DSPs: 400 (col length:80)
BRAMs: 530 (col length: RAMB18 80 RAMB36 40)
---------------------------------------------------------------------------------
Finished Part Resource Summary
---------------------------------------------------------------------------------
---------------------------------------------------------------------------------
Start Cross Boundary and Area Optimization
---------------------------------------------------------------------------------
---------------------------------------------------------------------------------
Finished Cross Boundary and Area Optimization : Time (s): cpu = 00:00:14 ; elapsed = 00:00:28 . Memory (MB): peak = 1334.414 ; gain = 43.438
---------------------------------------------------------------------------------
---------------------------------------------------------------------------------
Start Applying XDC Timing Constraints
---------------------------------------------------------------------------------
---------------------------------------------------------------------------------
Finished Applying XDC Timing Constraints : Time (s): cpu = 00:00:19 ; elapsed = 00:00:35 . Memory (MB): peak = 1360.141 ; gain = 69.164
---------------------------------------------------------------------------------
---------------------------------------------------------------------------------
Start Timing Optimization
---------------------------------------------------------------------------------
---------------------------------------------------------------------------------
Finished Timing Optimization : Time (s): cpu = 00:00:19 ; elapsed = 00:00:35 . Memory (MB): peak = 1360.141 ; gain = 69.164
---------------------------------------------------------------------------------
---------------------------------------------------------------------------------
Start Technology Mapping
---------------------------------------------------------------------------------
---------------------------------------------------------------------------------
Finished Technology Mapping : Time (s): cpu = 00:00:19 ; elapsed = 00:00:35 . Memory (MB): peak = 1379.266 ; gain = 88.289
---------------------------------------------------------------------------------
---------------------------------------------------------------------------------
Start IO Insertion
---------------------------------------------------------------------------------
---------------------------------------------------------------------------------
Start Flattening Before IO Insertion
---------------------------------------------------------------------------------
---------------------------------------------------------------------------------
Finished Flattening Before IO Insertion
---------------------------------------------------------------------------------
---------------------------------------------------------------------------------
Start Final Netlist Cleanup
---------------------------------------------------------------------------------
---------------------------------------------------------------------------------
Finished Final Netlist Cleanup
---------------------------------------------------------------------------------
---------------------------------------------------------------------------------
Finished IO Insertion : Time (s): cpu = 00:00:23 ; elapsed = 00:00:39 . Memory (MB): peak = 1385.949 ; gain = 94.973
---------------------------------------------------------------------------------
---------------------------------------------------------------------------------
Start Renaming Generated Instances
---------------------------------------------------------------------------------
---------------------------------------------------------------------------------
Finished Renaming Generated Instances : Time (s): cpu = 00:00:23 ; elapsed = 00:00:39 . Memory (MB): peak = 1385.949 ; gain = 94.973
---------------------------------------------------------------------------------
---------------------------------------------------------------------------------
Start Rebuilding User Hierarchy
---------------------------------------------------------------------------------
---------------------------------------------------------------------------------
Finished Rebuilding User Hierarchy : Time (s): cpu = 00:00:23 ; elapsed = 00:00:39 . Memory (MB): peak = 1385.949 ; gain = 94.973
---------------------------------------------------------------------------------
---------------------------------------------------------------------------------
Start Renaming Generated Ports
---------------------------------------------------------------------------------
---------------------------------------------------------------------------------
Finished Renaming Generated Ports : Time (s): cpu = 00:00:23 ; elapsed = 00:00:39 . Memory (MB): peak = 1385.949 ; gain = 94.973
---------------------------------------------------------------------------------
---------------------------------------------------------------------------------
Start Handling Custom Attributes
---------------------------------------------------------------------------------
---------------------------------------------------------------------------------
Finished Handling Custom Attributes : Time (s): cpu = 00:00:23 ; elapsed = 00:00:39 . Memory (MB): peak = 1385.949 ; gain = 94.973
---------------------------------------------------------------------------------
---------------------------------------------------------------------------------
Start Renaming Generated Nets
---------------------------------------------------------------------------------
---------------------------------------------------------------------------------
Finished Renaming Generated Nets : Time (s): cpu = 00:00:23 ; elapsed = 00:00:39 . Memory (MB): peak = 1385.949 ; gain = 94.973
---------------------------------------------------------------------------------
---------------------------------------------------------------------------------
Start Writing Synthesis Report
---------------------------------------------------------------------------------

Report BlackBoxes: 
+-+--------------+----------+
| |BlackBox name |Instances |
+-+--------------+----------+
+-+--------------+----------+

Report Cell Usage: 
+------+-----------+------+
|      |Cell       |Count |
+------+-----------+------+
|1     |BUFG       |     2|
|2     |MMCME2_ADV |     1|
|3     |IBUF       |     1|
+------+-----------+------+
---------------------------------------------------------------------------------
Finished Writing Synthesis Report : Time (s): cpu = 00:00:23 ; elapsed = 00:00:39 . Memory (MB): peak = 1385.949 ; gain = 94.973
---------------------------------------------------------------------------------
Synthesis finished with 0 errors, 0 critical warnings and 0 warnings.
Synthesis Optimization Runtime : Time (s): cpu = 00:00:14 ; elapsed = 00:00:31 . Memory (MB): peak = 1385.949 ; gain = 55.957
Synthesis Optimization Complete : Time (s): cpu = 00:00:23 ; elapsed = 00:00:39 . Memory (MB): peak = 1385.949 ; gain = 94.973
INFO: [Project 1-571] Translating synthesized netlist
Netlist sorting complete. Time (s): cpu = 00:00:00 ; elapsed = 00:00:00 . Memory (MB): peak = 1385.949 ; gain = 0.000
INFO: [Netlist 29-17] Analyzing 1 Unisim elements for replacement
INFO: [Netlist 29-28] Unisim Transformation completed in 0 CPU seconds
INFO: [Project 1-570] Preparing netlist for logic optimization
INFO: [Opt 31-138] Pushed 0 inverter(s) to 0 load pin(s).
Netlist sorting complete. Time (s): cpu = 00:00:00 ; elapsed = 00:00:00 . Memory (MB): peak = 1415.609 ; gain = 0.000
INFO: [Project 1-111] Unisim Transformation Summary:
No Unisim elements were transformed.

Synth Design complete, checksum: 2b6b2ff9
INFO: [Common 17-83] Releasing license: Synthesis
31 Infos, 1 Warnings, 0 Critical Warnings and 0 Errors encountered.
synth_design completed successfully
synth_design: Time (s): cpu = 00:00:26 ; elapsed = 00:00:56 . Memory (MB): peak = 1415.609 ; gain = 124.633
INFO: [Common 17-600] The following parameters have non-default value.
tcl.collectionResultDisplayLimit
INFO: [Common 17-1381] The checkpoint 'E:/Projects/adrvSoM/vimanic/noGNUSystem/ccfmc_lvds/adrv9361z7035_ccfmc_lvds.runs/system_clk_wiz_0_0_synth_1/system_clk_wiz_0_0.dcp' has been generated.
INFO: [Coretcl 2-1648] Added synthesis output to IP cache for IP system_clk_wiz_0_0, cache-ID = 8d7073961bd1d6b8
INFO: [Common 17-1381] The checkpoint 'E:/Projects/adrvSoM/vimanic/noGNUSystem/ccfmc_lvds/adrv9361z7035_ccfmc_lvds.runs/system_clk_wiz_0_0_synth_1/system_clk_wiz_0_0.dcp' has been generated.
INFO: [runtcl-4] Executing : report_utilization -file system_clk_wiz_0_0_utilization_synth.rpt -pb system_clk_wiz_0_0_utilization_synth.pb
INFO: [Common 17-206] Exiting Vivado at Wed Mar  8 10:31:35 2023...
