Copyright 1986-2021 Xilinx, Inc. All Rights Reserved.
------------------------------------------------------------------------------------
| Tool Version : Vivado v.2021.1 (win64) Build 3247384 Thu Jun 10 19:36:33 MDT 2021
| Date         : Thu Mar 16 14:57:48 2023
| Host         : DESKTOP-3UI6ATS running 64-bit major release  (build 9200)
| Command      : upgrade_ip
| Device       : xc7z030fbg484-2
------------------------------------------------------------------------------------

Upgrade Log for IP 'system_attenuatorController_0_0'

1. Summary
----------

SUCCESS in the upgrade of system_attenuatorController_0_0 (xilinx.com:user:attenuatorController:1.0) from (Rev. 3) to (Rev. 4)






Copyright 1986-2021 Xilinx, Inc. All Rights Reserved.
------------------------------------------------------------------------------------
| Tool Version : Vivado v.2021.1 (win64) Build 3247384 Thu Jun 10 19:36:33 MDT 2021
| Date         : Wed Mar 15 06:26:09 2023
| Host         : DESKTOP-3UI6ATS running 64-bit major release  (build 9200)
| Command      : upgrade_ip
| Device       : xc7z030fbg484-2
------------------------------------------------------------------------------------

Upgrade Log for IP 'system_attenuatorController_0_0'

1. Summary
----------

CAUTION (success, with warnings) in the upgrade of system_attenuatorController_0_0 (xilinx.com:user:attenuatorController:1.0) from (Rev. 2) to (Rev. 3)

After upgrade, an IP may have parameter and port differences compared to the original customization. Please review the parameters within the IP customization GUI to ensure proper functionality. Also, please review the updated IP instantiation template to ensure proper connectivity, and update your design if required.

2. Connection Warnings
----------------------

Detected external port differences while upgrading 'system_attenuatorController_0_0'. These changes may impact your design.


-Upgrade has removed port 'o_le'

-Upgrade has added port 'o_le_1'

-Upgrade has added port 'o_le_2'

-Upgrade has added port 'o_le_3'







Copyright 1986-2021 Xilinx, Inc. All Rights Reserved.
------------------------------------------------------------------------------------
| Tool Version : Vivado v.2021.1 (win64) Build 3247384 Thu Jun 10 19:36:33 MDT 2021
| Date         : Wed Mar  1 16:12:47 2023
| Host         : DESKTOP-3UI6ATS running 64-bit major release  (build 9200)
| Command      : upgrade_ip
| Device       : xc7z030fbg484-2
------------------------------------------------------------------------------------

Upgrade Log for IP 'system_xlslice_3_1'

1. Summary
----------

SUCCESS in the conversion of system_xlslice_3_1 (xilinx.com:ip:xlslice:1.0 (Rev. 2)) to Vivado generation flows.






Copyright 1986-2021 Xilinx, Inc. All Rights Reserved.
------------------------------------------------------------------------------------
| Tool Version : Vivado v.2021.1 (win64) Build 3247384 Thu Jun 10 19:36:33 MDT 2021
| Date         : Wed Mar  1 16:12:47 2023
| Host         : DESKTOP-3UI6ATS running 64-bit major release  (build 9200)
| Command      : upgrade_ip
| Device       : xc7z030fbg484-2
------------------------------------------------------------------------------------

Upgrade Log for IP 'system_xlslice_3_0'

1. Summary
----------

SUCCESS in the conversion of system_xlslice_3_0 (xilinx.com:ip:xlslice:1.0 (Rev. 2)) to Vivado generation flows.






Copyright 1986-2021 Xilinx, Inc. All Rights Reserved.
------------------------------------------------------------------------------------
| Tool Version : Vivado v.2021.1 (win64) Build 3247384 Thu Jun 10 19:36:33 MDT 2021
| Date         : Wed Mar  1 16:12:47 2023
| Host         : DESKTOP-3UI6ATS running 64-bit major release  (build 9200)
| Command      : upgrade_ip
| Device       : xc7z030fbg484-2
------------------------------------------------------------------------------------

Upgrade Log for IP 'system_xlslice_1_1'

1. Summary
----------

SUCCESS in the conversion of system_xlslice_1_1 (xilinx.com:ip:xlslice:1.0 (Rev. 2)) to Vivado generation flows.






Copyright 1986-2021 Xilinx, Inc. All Rights Reserved.
------------------------------------------------------------------------------------
| Tool Version : Vivado v.2021.1 (win64) Build 3247384 Thu Jun 10 19:36:33 MDT 2021
| Date         : Wed Mar  1 16:12:47 2023
| Host         : DESKTOP-3UI6ATS running 64-bit major release  (build 9200)
| Command      : upgrade_ip
| Device       : xc7z030fbg484-2
------------------------------------------------------------------------------------

Upgrade Log for IP 'system_xlslice_1_0'

1. Summary
----------

SUCCESS in the conversion of system_xlslice_1_0 (xilinx.com:ip:xlslice:1.0 (Rev. 2)) to Vivado generation flows.






Copyright 1986-2021 Xilinx, Inc. All Rights Reserved.
------------------------------------------------------------------------------------
| Tool Version : Vivado v.2021.1 (win64) Build 3247384 Thu Jun 10 19:36:33 MDT 2021
| Date         : Wed Mar  1 16:12:47 2023
| Host         : DESKTOP-3UI6ATS running 64-bit major release  (build 9200)
| Command      : upgrade_ip
| Device       : xc7z030fbg484-2
------------------------------------------------------------------------------------

Upgrade Log for IP 'system_xlslice_0_0'

1. Summary
----------

SUCCESS in the conversion of system_xlslice_0_0 (xilinx.com:ip:xlslice:1.0 (Rev. 2)) to Vivado generation flows.






Copyright 1986-2021 Xilinx, Inc. All Rights Reserved.
------------------------------------------------------------------------------------
| Tool Version : Vivado v.2021.1 (win64) Build 3247384 Thu Jun 10 19:36:33 MDT 2021
| Date         : Wed Mar  1 16:12:47 2023
| Host         : DESKTOP-3UI6ATS running 64-bit major release  (build 9200)
| Command      : upgrade_ip
| Device       : xc7z030fbg484-2
------------------------------------------------------------------------------------

Upgrade Log for IP 'system_xlconstant_1_0'

1. Summary
----------

SUCCESS in the conversion of system_xlconstant_1_0 (xilinx.com:ip:xlconstant:1.1 (Rev. 7)) to Vivado generation flows.






Copyright 1986-2021 Xilinx, Inc. All Rights Reserved.
------------------------------------------------------------------------------------
| Tool Version : Vivado v.2021.1 (win64) Build 3247384 Thu Jun 10 19:36:33 MDT 2021
| Date         : Wed Mar  1 16:12:47 2023
| Host         : DESKTOP-3UI6ATS running 64-bit major release  (build 9200)
| Command      : upgrade_ip
| Device       : xc7z030fbg484-2
------------------------------------------------------------------------------------

Upgrade Log for IP 'system_xlconstant_0_0'

1. Summary
----------

SUCCESS in the conversion of system_xlconstant_0_0 (xilinx.com:ip:xlconstant:1.1 (Rev. 7)) to Vivado generation flows.






Copyright 1986-2021 Xilinx, Inc. All Rights Reserved.
------------------------------------------------------------------------------------
| Tool Version : Vivado v.2021.1 (win64) Build 3247384 Thu Jun 10 19:36:33 MDT 2021
| Date         : Wed Mar  1 16:12:47 2023
| Host         : DESKTOP-3UI6ATS running 64-bit major release  (build 9200)
| Command      : upgrade_ip
| Device       : xc7z030fbg484-2
------------------------------------------------------------------------------------

Upgrade Log for IP 'system_xlconcat_1_0'

1. Summary
----------

SUCCESS in the conversion of system_xlconcat_1_0 (xilinx.com:ip:xlconcat:2.1 (Rev. 4)) to Vivado generation flows.






Copyright 1986-2021 Xilinx, Inc. All Rights Reserved.
------------------------------------------------------------------------------------
| Tool Version : Vivado v.2021.1 (win64) Build 3247384 Thu Jun 10 19:36:33 MDT 2021
| Date         : Wed Mar  1 16:12:47 2023
| Host         : DESKTOP-3UI6ATS running 64-bit major release  (build 9200)
| Command      : upgrade_ip
| Device       : xc7z030fbg484-2
------------------------------------------------------------------------------------

Upgrade Log for IP 'system_xlconcat_0_0'

1. Summary
----------

SUCCESS in the conversion of system_xlconcat_0_0 (xilinx.com:ip:xlconcat:2.1 (Rev. 4)) to Vivado generation flows.






Copyright 1986-2021 Xilinx, Inc. All Rights Reserved.
------------------------------------------------------------------------------------
| Tool Version : Vivado v.2021.1 (win64) Build 3247384 Thu Jun 10 19:36:33 MDT 2021
| Date         : Wed Mar  1 16:12:47 2023
| Host         : DESKTOP-3UI6ATS running 64-bit major release  (build 9200)
| Command      : upgrade_ip
| Device       : xc7z030fbg484-2
------------------------------------------------------------------------------------

Upgrade Log for IP 'system_vio_0_0'

1. Summary
----------

SUCCESS in the conversion of system_vio_0_0 (xilinx.com:ip:vio:3.0 (Rev. 20)) to Vivado generation flows.






Copyright 1986-2021 Xilinx, Inc. All Rights Reserved.
------------------------------------------------------------------------------------
| Tool Version : Vivado v.2021.1 (win64) Build 3247384 Thu Jun 10 19:36:33 MDT 2021
| Date         : Wed Mar  1 16:12:47 2023
| Host         : DESKTOP-3UI6ATS running 64-bit major release  (build 9200)
| Command      : upgrade_ip
| Device       : xc7z030fbg484-2
------------------------------------------------------------------------------------

Upgrade Log for IP 'system_sys_rstgen_0'

1. Summary
----------

SUCCESS in the conversion of system_sys_rstgen_0 (xilinx.com:ip:proc_sys_reset:5.0 (Rev. 13)) to Vivado generation flows.






Copyright 1986-2021 Xilinx, Inc. All Rights Reserved.
------------------------------------------------------------------------------------
| Tool Version : Vivado v.2021.1 (win64) Build 3247384 Thu Jun 10 19:36:33 MDT 2021
| Date         : Wed Mar  1 16:12:47 2023
| Host         : DESKTOP-3UI6ATS running 64-bit major release  (build 9200)
| Command      : upgrade_ip
| Device       : xc7z030fbg484-2
------------------------------------------------------------------------------------

Upgrade Log for IP 'system_sys_ps7_axi_periph_0'

1. Summary
----------

SUCCESS in the conversion of system_sys_ps7_axi_periph_0 (xilinx.com:ip:axi_interconnect:2.1 (Rev. 25)) to Vivado generation flows.






Copyright 1986-2021 Xilinx, Inc. All Rights Reserved.
------------------------------------------------------------------------------------
| Tool Version : Vivado v.2021.1 (win64) Build 3247384 Thu Jun 10 19:36:33 MDT 2021
| Date         : Wed Mar  1 16:12:47 2023
| Host         : DESKTOP-3UI6ATS running 64-bit major release  (build 9200)
| Command      : upgrade_ip
| Device       : xc7z030fbg484-2
------------------------------------------------------------------------------------

Upgrade Log for IP 'system_sys_ps7_0'

1. Summary
----------

SUCCESS in the conversion of system_sys_ps7_0 (xilinx.com:ip:processing_system7:5.5 (Rev. 6)) to Vivado generation flows.

2. Upgrade messages
-------------------

WARNING: upgrade cannot add parameter PCW_TRACE_INTERNAL_WIDTH with default value 32 : a parameter called PCW_TRACE_INTERNAL_WIDTH already exists in processing_system7_v5_5
WARNING: upgrade cannot add parameter PCW_USE_AXI_NONSECURE with default value 0 : a parameter called PCW_USE_AXI_NONSECURE already exists in processing_system7_v5_5
WARNING: upgrade cannot add parameter PCW_EN_PTP_ENET0 with default value 1 : a parameter called PCW_EN_PTP_ENET0 already exists in processing_system7_v5_5
WARNING: upgrade cannot add parameter PCW_EN_PTP_ENET0 with default value 1 : a parameter called PCW_EN_PTP_ENET0 already exists in processing_system7_v5_5
WARNING: upgrade cannot add parameter PCW_GP0_NUM_WRITE_THREADS with default value 4 : a parameter called PCW_GP0_NUM_WRITE_THREADS already exists in processing_system7_v5_5
WARNING: upgrade cannot add parameter PCW_GP0_NUM_READ_THREADS with default value 4 : a parameter called PCW_GP0_NUM_READ_THREADS already exists in processing_system7_v5_5
WARNING: upgrade cannot add parameter PCW_GP1_NUM_WRITE_THREADS with default value 4 : a parameter called PCW_GP1_NUM_WRITE_THREADS already exists in processing_system7_v5_5
WARNING: upgrade cannot add parameter PCW_GP1_NUM_READ_THREADS with default value 4 : a parameter called PCW_GP1_NUM_READ_THREADS already exists in processing_system7_v5_5
WARNING: upgrade cannot add parameter PCW_GP0_EN_MODIFIABLE_TXN with default value 0 : a parameter called PCW_GP0_EN_MODIFIABLE_TXN already exists in processing_system7_v5_5
WARNING: upgrade cannot add parameter PCW_GP1_EN_MODIFIABLE_TXN with default value 0 : a parameter called PCW_GP1_EN_MODIFIABLE_TXN already exists in processing_system7_v5_5






Copyright 1986-2021 Xilinx, Inc. All Rights Reserved.
------------------------------------------------------------------------------------
| Tool Version : Vivado v.2021.1 (win64) Build 3247384 Thu Jun 10 19:36:33 MDT 2021
| Date         : Wed Mar  1 16:12:47 2023
| Host         : DESKTOP-3UI6ATS running 64-bit major release  (build 9200)
| Command      : upgrade_ip
| Device       : xc7z030fbg484-2
------------------------------------------------------------------------------------

Upgrade Log for IP 'system_selectio_wiz_0_0'

1. Summary
----------

SUCCESS in the conversion of system_selectio_wiz_0_0 (xilinx.com:ip:selectio_wiz:5.1 (Rev. 16)) to Vivado generation flows.






Copyright 1986-2021 Xilinx, Inc. All Rights Reserved.
------------------------------------------------------------------------------------
| Tool Version : Vivado v.2021.1 (win64) Build 3247384 Thu Jun 10 19:36:33 MDT 2021
| Date         : Wed Mar  1 16:12:47 2023
| Host         : DESKTOP-3UI6ATS running 64-bit major release  (build 9200)
| Command      : upgrade_ip
| Device       : xc7z030fbg484-2
------------------------------------------------------------------------------------

Upgrade Log for IP 'system_levelShift_0_0'

1. Summary
----------

SUCCESS in the conversion of system_levelShift_0_0 (xilinx.com:module_ref:levelShift:1.0 (Rev. 1)) to Vivado generation flows.






Copyright 1986-2021 Xilinx, Inc. All Rights Reserved.
------------------------------------------------------------------------------------
| Tool Version : Vivado v.2021.1 (win64) Build 3247384 Thu Jun 10 19:36:33 MDT 2021
| Date         : Wed Mar  1 16:12:47 2023
| Host         : DESKTOP-3UI6ATS running 64-bit major release  (build 9200)
| Command      : upgrade_ip
| Device       : xc7z030fbg484-2
------------------------------------------------------------------------------------

Upgrade Log for IP 'system_i2sController_1_0'

1. Summary
----------

SUCCESS in the conversion of system_i2sController_1_0 (xilinx.com:module_ref:i2sController:1.0 (Rev. 1)) to Vivado generation flows.






Copyright 1986-2021 Xilinx, Inc. All Rights Reserved.
------------------------------------------------------------------------------------
| Tool Version : Vivado v.2021.1 (win64) Build 3247384 Thu Jun 10 19:36:33 MDT 2021
| Date         : Wed Mar  1 16:12:47 2023
| Host         : DESKTOP-3UI6ATS running 64-bit major release  (build 9200)
| Command      : upgrade_ip
| Device       : xc7z030fbg484-2
------------------------------------------------------------------------------------

Upgrade Log for IP 'system_fir_compiler_0_0'

1. Summary
----------

SUCCESS in the conversion of system_fir_compiler_0_0 (xilinx.com:ip:fir_compiler:7.2 (Rev. 16)) to Vivado generation flows.






Copyright 1986-2021 Xilinx, Inc. All Rights Reserved.
------------------------------------------------------------------------------------
| Tool Version : Vivado v.2021.1 (win64) Build 3247384 Thu Jun 10 19:36:33 MDT 2021
| Date         : Wed Mar  1 16:12:47 2023
| Host         : DESKTOP-3UI6ATS running 64-bit major release  (build 9200)
| Command      : upgrade_ip
| Device       : xc7z030fbg484-2
------------------------------------------------------------------------------------

Upgrade Log for IP 'system_envelopDetector_0_0'

1. Summary
----------

SUCCESS in the conversion of system_envelopDetector_0_0 (xilinx.com:module_ref:envelopDetector:1.0 (Rev. 1)) to Vivado generation flows.






Copyright 1986-2021 Xilinx, Inc. All Rights Reserved.
------------------------------------------------------------------------------------
| Tool Version : Vivado v.2021.1 (win64) Build 3247384 Thu Jun 10 19:36:33 MDT 2021
| Date         : Wed Mar  1 16:12:47 2023
| Host         : DESKTOP-3UI6ATS running 64-bit major release  (build 9200)
| Command      : upgrade_ip
| Device       : xc7z030fbg484-2
------------------------------------------------------------------------------------

Upgrade Log for IP 'system_decimation_0_0'

1. Summary
----------

SUCCESS in the conversion of system_decimation_0_0 (xilinx.com:module_ref:decimation:1.0 (Rev. 1)) to Vivado generation flows.






Copyright 1986-2021 Xilinx, Inc. All Rights Reserved.
------------------------------------------------------------------------------------
| Tool Version : Vivado v.2021.1 (win64) Build 3247384 Thu Jun 10 19:36:33 MDT 2021
| Date         : Wed Mar  1 16:12:47 2023
| Host         : DESKTOP-3UI6ATS running 64-bit major release  (build 9200)
| Command      : upgrade_ip
| Device       : xc7z030fbg484-2
------------------------------------------------------------------------------------

Upgrade Log for IP 'system_dataPackager_0_0'

1. Summary
----------

SUCCESS in the conversion of system_dataPackager_0_0 (xilinx.com:module_ref:dataPackager:1.0 (Rev. 1)) to Vivado generation flows.






Copyright 1986-2021 Xilinx, Inc. All Rights Reserved.
------------------------------------------------------------------------------------
| Tool Version : Vivado v.2021.1 (win64) Build 3247384 Thu Jun 10 19:36:33 MDT 2021
| Date         : Wed Mar  1 16:12:47 2023
| Host         : DESKTOP-3UI6ATS running 64-bit major release  (build 9200)
| Command      : upgrade_ip
| Device       : xc7z030fbg484-2
------------------------------------------------------------------------------------

Upgrade Log for IP 'system_clk_wiz_0_0'

1. Summary
----------

SUCCESS in the conversion of system_clk_wiz_0_0 (xilinx.com:ip:clk_wiz:6.0 (Rev. 8)) to Vivado generation flows.






Copyright 1986-2021 Xilinx, Inc. All Rights Reserved.
------------------------------------------------------------------------------------
| Tool Version : Vivado v.2021.1 (win64) Build 3247384 Thu Jun 10 19:36:33 MDT 2021
| Date         : Wed Mar  1 16:12:47 2023
| Host         : DESKTOP-3UI6ATS running 64-bit major release  (build 9200)
| Command      : upgrade_ip
| Device       : xc7z030fbg484-2
------------------------------------------------------------------------------------

Upgrade Log for IP 'system_axi_iic_0_0'

1. Summary
----------

SUCCESS in the conversion of system_axi_iic_0_0 (xilinx.com:ip:axi_iic:2.1) to Vivado generation flows.






Copyright 1986-2021 Xilinx, Inc. All Rights Reserved.
------------------------------------------------------------------------------------
| Tool Version : Vivado v.2021.1 (win64) Build 3247384 Thu Jun 10 19:36:33 MDT 2021
| Date         : Wed Mar  1 16:12:47 2023
| Host         : DESKTOP-3UI6ATS running 64-bit major release  (build 9200)
| Command      : upgrade_ip
| Device       : xc7z030fbg484-2
------------------------------------------------------------------------------------

Upgrade Log for IP 'system_axi_gpreg_0'

1. Summary
----------

SUCCESS in the conversion of system_axi_gpreg_0 (analog.com:user:axi_gpreg:1.0 (Rev. 1)) to Vivado generation flows.






Copyright 1986-2021 Xilinx, Inc. All Rights Reserved.
------------------------------------------------------------------------------------
| Tool Version : Vivado v.2021.1 (win64) Build 3247384 Thu Jun 10 19:36:33 MDT 2021
| Date         : Wed Mar  1 16:12:47 2023
| Host         : DESKTOP-3UI6ATS running 64-bit major release  (build 9200)
| Command      : upgrade_ip
| Device       : xc7z030fbg484-2
------------------------------------------------------------------------------------

Upgrade Log for IP 'system_axi_gpio_0_0'

1. Summary
----------

SUCCESS in the conversion of system_axi_gpio_0_0 (xilinx.com:ip:axi_gpio:2.0 (Rev. 26)) to Vivado generation flows.






Copyright 1986-2021 Xilinx, Inc. All Rights Reserved.
------------------------------------------------------------------------------------
| Tool Version : Vivado v.2021.1 (win64) Build 3247384 Thu Jun 10 19:36:33 MDT 2021
| Date         : Wed Mar  1 16:12:47 2023
| Host         : DESKTOP-3UI6ATS running 64-bit major release  (build 9200)
| Command      : upgrade_ip
| Device       : xc7z030fbg484-2
------------------------------------------------------------------------------------

Upgrade Log for IP 'system_angleLUT_0_1'

1. Summary
----------

SUCCESS in the conversion of system_angleLUT_0_1 (xilinx.com:module_ref:angleLUT:1.0 (Rev. 1)) to Vivado generation flows.






Copyright 1986-2021 Xilinx, Inc. All Rights Reserved.
------------------------------------------------------------------------------------
| Tool Version : Vivado v.2021.1 (win64) Build 3247384 Thu Jun 10 19:36:33 MDT 2021
| Date         : Wed Mar  1 16:12:47 2023
| Host         : DESKTOP-3UI6ATS running 64-bit major release  (build 9200)
| Command      : upgrade_ip
| Device       : xc7z030fbg484-2
------------------------------------------------------------------------------------

Upgrade Log for IP 'system_angleLUT_0_0'

1. Summary
----------

SUCCESS in the conversion of system_angleLUT_0_0 (xilinx.com:module_ref:angleLUT:1.0 (Rev. 1)) to Vivado generation flows.






Copyright 1986-2021 Xilinx, Inc. All Rights Reserved.
------------------------------------------------------------------------------------
| Tool Version : Vivado v.2021.1 (win64) Build 3247384 Thu Jun 10 19:36:33 MDT 2021
| Date         : Wed Mar  1 16:12:47 2023
| Host         : DESKTOP-3UI6ATS running 64-bit major release  (build 9200)
| Command      : upgrade_ip
| Device       : xc7z030fbg484-2
------------------------------------------------------------------------------------

Upgrade Log for IP 'system_amModulator_0_0'

1. Summary
----------

SUCCESS in the conversion of system_amModulator_0_0 (xilinx.com:module_ref:amModulator:1.0 (Rev. 1)) to Vivado generation flows.

