
*** Running vivado
    with args -log system_attenuatorController_0_0.vds -m64 -product Vivado -mode batch -messageDb vivado.pb -notrace -source system_attenuatorController_0_0.tcl



****** Vivado v2021.1 (64-bit)
  **** SW Build 3247384 on Thu Jun 10 19:36:33 MDT 2021
  **** IP Build 3246043 on Fri Jun 11 00:30:35 MDT 2021
    ** Copyright 1986-2021 Xilinx, Inc. All Rights Reserved.

source system_attenuatorController_0_0.tcl -notrace
INFO: [IP_Flow 19-234] Refreshing IP repositories
INFO: [IP_Flow 19-1700] Loaded user IP repository 'e:/Projects/adrvSoM/vimanic/noGNUSystem/IPs'.
INFO: [IP_Flow 19-2313] Loaded Vivado IP repository 'E:/Vivado/2021.1/data/ip'.
WARNING: [IP_Flow 19-4995] The host OS only allows 260 characters in a normal path. The IP cache path is more than 80 characters. If you experience issues with IP caching, please consider changing the IP cache to a location with a shorter path. Alternately consider using the OS subst command to map part of the path to a drive letter. 
Current IP cache path is e:/Projects/adrvSoM/vimanic/noGNUSystem/ccfmc_lvds/adrv9361z7035_ccfmc_lvds.cache/ip 
Command: synth_design -top system_attenuatorController_0_0 -part xc7z030fbg484-2 -mode out_of_context
Starting synth_design
Attempting to get a license for feature 'Synthesis' and/or device 'xc7z030'
INFO: [Common 17-349] Got license for feature 'Synthesis' and/or device 'xc7z030'
INFO: [Device 21-403] Loading part xc7z030fbg484-2
INFO: [Synth 8-7079] Multithreading enabled for synth_design using a maximum of 2 processes.
INFO: [Synth 8-7078] Launching helper process for spawning children vivado processes
INFO: [Synth 8-7075] Helper process launched with PID 31216
---------------------------------------------------------------------------------
Starting RTL Elaboration : Time (s): cpu = 00:00:03 ; elapsed = 00:00:06 . Memory (MB): peak = 1319.969 ; gain = 0.000
---------------------------------------------------------------------------------
INFO: [Synth 8-6157] synthesizing module 'system_attenuatorController_0_0' [e:/Projects/adrvSoM/vimanic/noGNUSystem/ccfmc_lvds/adrv9361z7035_ccfmc_lvds.gen/sources_1/bd/system/ip/system_attenuatorController_0_0/synth/system_attenuatorController_0_0.v:57]
INFO: [Synth 8-6157] synthesizing module 'attenuatorController_v1_0' [e:/Projects/adrvSoM/vimanic/noGNUSystem/ccfmc_lvds/adrv9361z7035_ccfmc_lvds.gen/sources_1/bd/system/ipshared/9ed1/hdl/attenuatorController_v1_0.v:4]
INFO: [Synth 8-6157] synthesizing module 'attenuatorController_v1_0_S00_AXI' [e:/Projects/adrvSoM/vimanic/noGNUSystem/ccfmc_lvds/adrv9361z7035_ccfmc_lvds.gen/sources_1/bd/system/ipshared/9ed1/hdl/attenuatorController_v1_0_S00_AXI.v:4]
INFO: [Synth 8-226] default block is never used [e:/Projects/adrvSoM/vimanic/noGNUSystem/ccfmc_lvds/adrv9361z7035_ccfmc_lvds.gen/sources_1/bd/system/ipshared/9ed1/hdl/attenuatorController_v1_0_S00_AXI.v:236]
INFO: [Synth 8-226] default block is never used [e:/Projects/adrvSoM/vimanic/noGNUSystem/ccfmc_lvds/adrv9361z7035_ccfmc_lvds.gen/sources_1/bd/system/ipshared/9ed1/hdl/attenuatorController_v1_0_S00_AXI.v:377]
INFO: [Synth 8-6157] synthesizing module 'attenuatorControl' [e:/Projects/adrvSoM/vimanic/noGNUSystem/ccfmc_lvds/adrv9361z7035_ccfmc_lvds.gen/sources_1/bd/system/ipshared/9ed1/hdl/attenuatorControl.v:23]
INFO: [Synth 8-155] case statement is not full and has no default [e:/Projects/adrvSoM/vimanic/noGNUSystem/ccfmc_lvds/adrv9361z7035_ccfmc_lvds.gen/sources_1/bd/system/ipshared/9ed1/hdl/attenuatorControl.v:86]
INFO: [Synth 8-6157] synthesizing module 'clockDivider' [e:/Projects/adrvSoM/vimanic/noGNUSystem/ccfmc_lvds/adrv9361z7035_ccfmc_lvds.gen/sources_1/bd/system/ipshared/9ed1/hdl/clockDivider.v:23]
INFO: [Synth 8-6155] done synthesizing module 'clockDivider' (1#1) [e:/Projects/adrvSoM/vimanic/noGNUSystem/ccfmc_lvds/adrv9361z7035_ccfmc_lvds.gen/sources_1/bd/system/ipshared/9ed1/hdl/clockDivider.v:23]
INFO: [Synth 8-6155] done synthesizing module 'attenuatorControl' (2#1) [e:/Projects/adrvSoM/vimanic/noGNUSystem/ccfmc_lvds/adrv9361z7035_ccfmc_lvds.gen/sources_1/bd/system/ipshared/9ed1/hdl/attenuatorControl.v:23]
INFO: [Synth 8-6155] done synthesizing module 'attenuatorController_v1_0_S00_AXI' (3#1) [e:/Projects/adrvSoM/vimanic/noGNUSystem/ccfmc_lvds/adrv9361z7035_ccfmc_lvds.gen/sources_1/bd/system/ipshared/9ed1/hdl/attenuatorController_v1_0_S00_AXI.v:4]
INFO: [Synth 8-6155] done synthesizing module 'attenuatorController_v1_0' (4#1) [e:/Projects/adrvSoM/vimanic/noGNUSystem/ccfmc_lvds/adrv9361z7035_ccfmc_lvds.gen/sources_1/bd/system/ipshared/9ed1/hdl/attenuatorController_v1_0.v:4]
INFO: [Synth 8-6155] done synthesizing module 'system_attenuatorController_0_0' (5#1) [e:/Projects/adrvSoM/vimanic/noGNUSystem/ccfmc_lvds/adrv9361z7035_ccfmc_lvds.gen/sources_1/bd/system/ip/system_attenuatorController_0_0/synth/system_attenuatorController_0_0.v:57]
---------------------------------------------------------------------------------
Finished RTL Elaboration : Time (s): cpu = 00:00:04 ; elapsed = 00:00:07 . Memory (MB): peak = 1319.969 ; gain = 0.000
---------------------------------------------------------------------------------
---------------------------------------------------------------------------------
Start Handling Custom Attributes
---------------------------------------------------------------------------------
---------------------------------------------------------------------------------
Finished Handling Custom Attributes : Time (s): cpu = 00:00:05 ; elapsed = 00:00:07 . Memory (MB): peak = 1319.969 ; gain = 0.000
---------------------------------------------------------------------------------
---------------------------------------------------------------------------------
Finished RTL Optimization Phase 1 : Time (s): cpu = 00:00:05 ; elapsed = 00:00:07 . Memory (MB): peak = 1319.969 ; gain = 0.000
---------------------------------------------------------------------------------
Netlist sorting complete. Time (s): cpu = 00:00:00 ; elapsed = 00:00:00.007 . Memory (MB): peak = 1319.969 ; gain = 0.000
INFO: [Project 1-570] Preparing netlist for logic optimization

Processing XDC Constraints
Initializing timing engine
Completed Processing XDC Constraints

Netlist sorting complete. Time (s): cpu = 00:00:00 ; elapsed = 00:00:00 . Memory (MB): peak = 1406.477 ; gain = 0.000
INFO: [Project 1-111] Unisim Transformation Summary:
No Unisim elements were transformed.

Constraint Validation Runtime : Time (s): cpu = 00:00:00 ; elapsed = 00:00:00.113 . Memory (MB): peak = 1406.477 ; gain = 0.000
---------------------------------------------------------------------------------
Finished Constraint Validation : Time (s): cpu = 00:00:10 ; elapsed = 00:00:13 . Memory (MB): peak = 1406.477 ; gain = 86.508
---------------------------------------------------------------------------------
---------------------------------------------------------------------------------
Start Loading Part and Timing Information
---------------------------------------------------------------------------------
Loading part: xc7z030fbg484-2
---------------------------------------------------------------------------------
Finished Loading Part and Timing Information : Time (s): cpu = 00:00:10 ; elapsed = 00:00:13 . Memory (MB): peak = 1406.477 ; gain = 86.508
---------------------------------------------------------------------------------
---------------------------------------------------------------------------------
Start Applying 'set_property' XDC Constraints
---------------------------------------------------------------------------------
---------------------------------------------------------------------------------
Finished applying 'set_property' XDC Constraints : Time (s): cpu = 00:00:10 ; elapsed = 00:00:13 . Memory (MB): peak = 1406.477 ; gain = 86.508
---------------------------------------------------------------------------------
INFO: [Synth 8-802] inferred FSM for state register 'state_reg' in module 'attenuatorControl'
---------------------------------------------------------------------------------------------------
                   State |                     New Encoding |                Previous Encoding 
---------------------------------------------------------------------------------------------------
                    IDLE |                               00 |                               00
                  TxData |                               01 |                               01
                    WAIT |                               10 |                               10
                  iSTATE |                               11 |                               11
---------------------------------------------------------------------------------------------------
INFO: [Synth 8-3354] encoded FSM with state register 'state_reg' using encoding 'sequential' in module 'attenuatorControl'
---------------------------------------------------------------------------------
Finished RTL Optimization Phase 2 : Time (s): cpu = 00:00:10 ; elapsed = 00:00:14 . Memory (MB): peak = 1406.477 ; gain = 86.508
---------------------------------------------------------------------------------
---------------------------------------------------------------------------------
Start RTL Component Statistics 
---------------------------------------------------------------------------------
Detailed RTL Component Info : 
+---Adders : 
	   2 Input    4 Bit       Adders := 1     
+---Registers : 
	               32 Bit    Registers := 5     
	                4 Bit    Registers := 3     
	                2 Bit    Registers := 2     
	                1 Bit    Registers := 9     
+---Muxes : 
	   2 Input   32 Bit        Muxes := 4     
	   4 Input   32 Bit        Muxes := 5     
	   4 Input    4 Bit        Muxes := 1     
	   3 Input    2 Bit        Muxes := 1     
	   2 Input    2 Bit        Muxes := 1     
	   2 Input    1 Bit        Muxes := 10    
	   4 Input    1 Bit        Muxes := 9     
---------------------------------------------------------------------------------
Finished RTL Component Statistics 
---------------------------------------------------------------------------------
---------------------------------------------------------------------------------
Start Part Resource Summary
---------------------------------------------------------------------------------
Part Resources:
DSPs: 400 (col length:80)
BRAMs: 530 (col length: RAMB18 80 RAMB36 40)
---------------------------------------------------------------------------------
Finished Part Resource Summary
---------------------------------------------------------------------------------
---------------------------------------------------------------------------------
Start Cross Boundary and Area Optimization
---------------------------------------------------------------------------------
---------------------------------------------------------------------------------
Finished Cross Boundary and Area Optimization : Time (s): cpu = 00:00:11 ; elapsed = 00:00:16 . Memory (MB): peak = 1406.477 ; gain = 86.508
---------------------------------------------------------------------------------
---------------------------------------------------------------------------------
Start Applying XDC Timing Constraints
---------------------------------------------------------------------------------
---------------------------------------------------------------------------------
Finished Applying XDC Timing Constraints : Time (s): cpu = 00:00:16 ; elapsed = 00:00:21 . Memory (MB): peak = 1406.477 ; gain = 86.508
---------------------------------------------------------------------------------
---------------------------------------------------------------------------------
Start Timing Optimization
---------------------------------------------------------------------------------
---------------------------------------------------------------------------------
Finished Timing Optimization : Time (s): cpu = 00:00:16 ; elapsed = 00:00:21 . Memory (MB): peak = 1406.477 ; gain = 86.508
---------------------------------------------------------------------------------
---------------------------------------------------------------------------------
Start Technology Mapping
---------------------------------------------------------------------------------
---------------------------------------------------------------------------------
Finished Technology Mapping : Time (s): cpu = 00:00:17 ; elapsed = 00:00:21 . Memory (MB): peak = 1406.477 ; gain = 86.508
---------------------------------------------------------------------------------
---------------------------------------------------------------------------------
Start IO Insertion
---------------------------------------------------------------------------------
---------------------------------------------------------------------------------
Start Flattening Before IO Insertion
---------------------------------------------------------------------------------
---------------------------------------------------------------------------------
Finished Flattening Before IO Insertion
---------------------------------------------------------------------------------
---------------------------------------------------------------------------------
Start Final Netlist Cleanup
---------------------------------------------------------------------------------
---------------------------------------------------------------------------------
Finished Final Netlist Cleanup
---------------------------------------------------------------------------------
---------------------------------------------------------------------------------
Finished IO Insertion : Time (s): cpu = 00:00:19 ; elapsed = 00:00:24 . Memory (MB): peak = 1412.648 ; gain = 92.680
---------------------------------------------------------------------------------
---------------------------------------------------------------------------------
Start Renaming Generated Instances
---------------------------------------------------------------------------------
---------------------------------------------------------------------------------
Finished Renaming Generated Instances : Time (s): cpu = 00:00:19 ; elapsed = 00:00:24 . Memory (MB): peak = 1412.648 ; gain = 92.680
---------------------------------------------------------------------------------
---------------------------------------------------------------------------------
Start Rebuilding User Hierarchy
---------------------------------------------------------------------------------
---------------------------------------------------------------------------------
Finished Rebuilding User Hierarchy : Time (s): cpu = 00:00:19 ; elapsed = 00:00:24 . Memory (MB): peak = 1412.648 ; gain = 92.680
---------------------------------------------------------------------------------
---------------------------------------------------------------------------------
Start Renaming Generated Ports
---------------------------------------------------------------------------------
---------------------------------------------------------------------------------
Finished Renaming Generated Ports : Time (s): cpu = 00:00:19 ; elapsed = 00:00:24 . Memory (MB): peak = 1412.648 ; gain = 92.680
---------------------------------------------------------------------------------
---------------------------------------------------------------------------------
Start Handling Custom Attributes
---------------------------------------------------------------------------------
---------------------------------------------------------------------------------
Finished Handling Custom Attributes : Time (s): cpu = 00:00:19 ; elapsed = 00:00:24 . Memory (MB): peak = 1412.648 ; gain = 92.680
---------------------------------------------------------------------------------
---------------------------------------------------------------------------------
Start Renaming Generated Nets
---------------------------------------------------------------------------------
---------------------------------------------------------------------------------
Finished Renaming Generated Nets : Time (s): cpu = 00:00:19 ; elapsed = 00:00:24 . Memory (MB): peak = 1412.648 ; gain = 92.680
---------------------------------------------------------------------------------
---------------------------------------------------------------------------------
Start Writing Synthesis Report
---------------------------------------------------------------------------------

Report BlackBoxes: 
+-+--------------+----------+
| |BlackBox name |Instances |
+-+--------------+----------+
+-+--------------+----------+

Report Cell Usage: 
+------+-------+------+
|      |Cell   |Count |
+------+-------+------+
|1     |CARRY4 |     8|
|2     |LUT1   |     2|
|3     |LUT2   |     5|
|4     |LUT3   |     5|
|5     |LUT4   |    27|
|6     |LUT5   |     6|
|7     |LUT6   |    44|
|8     |MUXF7  |     1|
|9     |FDRE   |   210|
|10    |FDSE   |     1|
+------+-------+------+
---------------------------------------------------------------------------------
Finished Writing Synthesis Report : Time (s): cpu = 00:00:19 ; elapsed = 00:00:24 . Memory (MB): peak = 1412.648 ; gain = 92.680
---------------------------------------------------------------------------------
Synthesis finished with 0 errors, 0 critical warnings and 0 warnings.
Synthesis Optimization Runtime : Time (s): cpu = 00:00:13 ; elapsed = 00:00:21 . Memory (MB): peak = 1412.648 ; gain = 6.172
Synthesis Optimization Complete : Time (s): cpu = 00:00:19 ; elapsed = 00:00:24 . Memory (MB): peak = 1412.648 ; gain = 92.680
INFO: [Project 1-571] Translating synthesized netlist
Netlist sorting complete. Time (s): cpu = 00:00:00 ; elapsed = 00:00:00.005 . Memory (MB): peak = 1424.758 ; gain = 0.000
INFO: [Netlist 29-17] Analyzing 9 Unisim elements for replacement
INFO: [Netlist 29-28] Unisim Transformation completed in 0 CPU seconds
INFO: [Project 1-570] Preparing netlist for logic optimization
INFO: [Opt 31-138] Pushed 0 inverter(s) to 0 load pin(s).
Netlist sorting complete. Time (s): cpu = 00:00:00 ; elapsed = 00:00:00 . Memory (MB): peak = 1436.445 ; gain = 0.000
INFO: [Project 1-111] Unisim Transformation Summary:
No Unisim elements were transformed.

Synth Design complete, checksum: 19c0ea18
INFO: [Common 17-83] Releasing license: Synthesis
32 Infos, 1 Warnings, 0 Critical Warnings and 0 Errors encountered.
synth_design completed successfully
synth_design: Time (s): cpu = 00:00:23 ; elapsed = 00:00:29 . Memory (MB): peak = 1436.445 ; gain = 116.477
INFO: [Common 17-1381] The checkpoint 'E:/Projects/adrvSoM/vimanic/noGNUSystem/ccfmc_lvds/adrv9361z7035_ccfmc_lvds.runs/system_attenuatorController_0_0_synth_1/system_attenuatorController_0_0.dcp' has been generated.
INFO: [Coretcl 2-1648] Added synthesis output to IP cache for IP system_attenuatorController_0_0, cache-ID = 809eb98d24c95b82
INFO: [Coretcl 2-1174] Renamed 4 cell refs.
INFO: [Common 17-1381] The checkpoint 'E:/Projects/adrvSoM/vimanic/noGNUSystem/ccfmc_lvds/adrv9361z7035_ccfmc_lvds.runs/system_attenuatorController_0_0_synth_1/system_attenuatorController_0_0.dcp' has been generated.
INFO: [runtcl-4] Executing : report_utilization -file system_attenuatorController_0_0_utilization_synth.rpt -pb system_attenuatorController_0_0_utilization_synth.pb
INFO: [Common 17-206] Exiting Vivado at Thu Mar 16 14:59:36 2023...
